
> stacklens-ai-platform@1.0.0 dev:server
> cross-env NODE_ENV=development node --import tsx --no-warnings apps/api/src/index.ts

[dotenv@17.2.3] injecting env (13) from .env -- tip: 🔑 add access controls to secrets: https://dotenvx.com/ops
[dotenv@17.2.3] injecting env (0) from .env -- tip: 🔐 encrypt with Dotenvx: https://dotenvx.com
[dotenv@17.2.3] injecting env (0) from .env -- tip: 🔑 add access controls to secrets: https://dotenvx.com/ops
🚀 RAG: Vector database initialized
{"level":"WARN","timestamp":"2025-11-19T13:15:51.231Z","logger":"kafkajs","message":"KafkaJS v2.0.0 switched default partitioner. To retain the same partitioning behavior as in previous versions, create the producer with the option \"createPartitioner: Partitioners.LegacyPartitioner\". See the migration guide at https://kafka.js.org/docs/migration-guide-v2.0.0#producer-new-default-partitioner for details. Silence this warning by setting the environment variable \"KAFKAJS_NO_PARTITIONER_WARNING=1\""}
🔄 Starting server initialization...
Starting LogWatcher service for real-time monitoring...
📍 Watching directories: /Users/deepak/Downloads/Projects/StackLens-AI-Deploy/data, /Users/deepak/Downloads/Projects/StackLens-AI-Deploy/logs
[LogWatcherService] Started watching 2 file(s)
✅ LogWatcher service started successfully
✅ Routes registered successfully
🔄 Setting up Vite...
📚 RAG: Indexing 50 resolved error patterns...
✅ RAG: Knowledge base populated with 50 patterns
🔄 Indexing existing errors for RAG system...
⚠️ Vector DB not initialized, storing patterns locally
✅ Successfully indexed 807 errors for RAG
✅ Enhanced RAG Suggestor initialized
🎯 Enhanced RAG system ready with vector database
🚀 Starting Python vector database service...
⚠️ Enhanced vector service not found, using fallback similarity search
✅ Vector database service initialized
Re-optimizing dependencies because vite config has changed
✅ Vite setup complete
6:47:17 PM [express] serving on port 4000
6:47:22 PM [express] GET /api/auth/me 200 in 175ms :: {"user":{"id":1,"username":"deepanimators","em…
6:47:29 PM [express] GET /api/auth/me 200 in 106ms :: {"user":{"id":1,"username":"deepanimators","em…
6:47:29 PM [express] GET /api/admin/api-settings 200 in 28ms :: {"geminiApiKey":"","webhookUrl":"","…
6:47:29 PM [express] GET /api/admin/ui-settings 200 in 9ms :: {"theme":"light","sidebarCollapsed":fa…
6:47:50 PM [express] GET /api/auth/me 200 in 59ms :: {"user":{"id":1,"username":"deepanimators","ema…
6:47:50 PM [express] GET /api/admin/ui-settings 200 in 15ms :: {"theme":"light","sidebarCollapsed":f…
6:47:50 PM [express] GET /api/admin/api-settings 200 in 13ms :: {"geminiApiKey":"","webhookUrl":"","…
6:47:57 PM [express] GET /api/version 200 in 880ms :: {"version":"0.9.5","releaseDate":"2025-11-19",…
6:47:57 PM [express] GET /api/analytics/metrics 200 in 79ms :: {"success":true,"data":{"window":"1mi…
6:47:57 PM [express] GET /api/analytics/alerts 200 in 7ms :: {"success":true,"data":{"alerts":[],"to…
6:47:57 PM [express] GET /api/analytics/health-status 200 in 15ms :: {"success":true,"data":{"status…
6:48:03 PM [express] GET /api/analytics/metrics 200 in 19ms :: {"success":true,"data":{"window":"1mi…
6:48:03 PM [express] GET /api/analytics/health-status 200 in 1ms :: {"success":true,"data":{"status"…
6:48:10 PM [express] POST /api/analytics/events 201 in 10ms :: {"success":true,"message":"Event reco…
6:48:10 PM [express] POST /api/analytics/events 201 in 2ms :: {"success":true,"message":"Event recor…
6:48:10 PM [express] POST /api/analytics/events 201 in 2ms :: {"success":true,"message":"Event recor…
6:48:11 PM [express] POST /api/analytics/events 201 in 2ms :: {"success":true,"message":"Event recor…
6:48:12 PM [express] POST /api/analytics/events 201 in 1ms :: {"success":true,"message":"Event recor…
6:48:13 PM [express] POST /api/analytics/events 201 in 1ms :: {"success":true,"message":"Event recor…
6:48:14 PM [express] POST /api/analytics/events 201 in 4ms :: {"success":true,"message":"Event recor…
6:48:15 PM [express] POST /api/analytics/events 201 in 4ms :: {"success":true,"message":"Event recor…
6:48:15 PM [express] POST /api/analytics/events 201 in 8ms :: {"success":true,"message":"Event recor…
6:48:17 PM [express] GET /api/auth/me 200 in 167ms :: {"user":{"id":1,"username":"deepanimators","em…
6:48:18 PM [express] GET /api/analytics/alerts 200 in 5ms :: {"success":true,"data":{"alerts":[{"id"…
6:48:18 PM [express] GET /api/analytics/metrics 200 in 5ms :: {"success":true,"data":{"window":"1min…
6:48:18 PM [express] GET /api/analytics/health-status 200 in 5ms :: {"success":true,"data":{"status"…
6:48:24 PM [express] GET /api/analytics/metrics 200 in 88ms :: {"success":true,"data":{"window":"1mi…
6:48:24 PM [express] GET /api/analytics/health-status 200 in 30ms :: {"success":true,"data":{"status…
6:48:28 PM [express] GET /api/analytics/alerts 200 in 41ms :: {"success":true,"data":{"alerts":[{"id…
6:48:28 PM [express] GET /api/analytics/metrics 200 in 7ms :: {"success":true,"data":{"window":"5min…
6:48:29 PM [express] GET /api/analytics/health-status 200 in 16ms :: {"success":true,"data":{"status…
6:48:34 PM [express] GET /api/analytics/health-status 200 in 17ms :: {"success":true,"data":{"status…
6:48:35 PM [express] GET /api/analytics/metrics 200 in 5ms :: {"success":true,"data":{"window":"1min…
6:48:38 PM [express] GET /api/analytics/alerts 200 in 13ms :: {"success":true,"data":{"alerts":[{"id…
6:48:40 PM [express] GET /api/analytics/health-status 200 in 8ms :: {"success":true,"data":{"status"…
6:48:40 PM [express] GET /api/auth/me 200 in 98ms :: {"user":{"id":1,"username":"deepanimators","ema…
6:48:46 PM [express] GET /api/auth/me 200 in 231ms :: {"user":{"id":1,"username":"deepanimators","em…
6:48:49 PM [express] GET /api/admin/ui-settings 200 in 51ms :: {"theme":"light","sidebarCollapsed":f…
6:48:49 PM [express] GET /api/admin/api-settings 200 in 69ms :: {"geminiApiKey":"","webhookUrl":"","…
6:48:54 PM [express] GET /api/version 200 in 72ms :: {"version":"0.9.5","releaseDate":"2025-11-19","…
6:48:54 PM [express] GET /api/analytics/metrics 200 in 8ms :: {"success":true,"data":{"window":"1min…
6:48:54 PM [express] GET /api/analytics/health-status 200 in 6ms :: {"success":true,"data":{"status"…
6:48:54 PM [express] GET /api/analytics/alerts 200 in 3ms :: {"success":true,"data":{"alerts":[{"id"…
