{"level":"info","message":"Loaded URL file://c:\\tillster\\bin\\ngk-shell\\resources\\app\\lib/index.html AND text = waitingForServer","timestamp":"Sun Jul 27 2025 02:12:07 GMT-0700 (GMT-07:00)"}
{"level":"info","message":"Checking for menu sync and kiosk ID every 5 seconds until got response","timestamp":"Sun Jul 27 2025 02:12:07 GMT-0700 (GMT-07:00)"}
{"level":"info","message":"Actual deployment started. Now take the UI down!","timestamp":"Sun Jul 27 2025 02:12:07 GMT-0700 (GMT-07:00)"}
{"level":"info","message":"Loaded URL file://c:\\tillster\\bin\\ngk-shell\\resources\\app\\lib/index.html AND text = maintenanceInProgress","timestamp":"Sun Jul 27 2025 02:12:07 GMT-0700 (GMT-07:00)"}
{"level":"error","message":"Menu Synch error: FetchError: invalid json response body at https://appserver.emn8.com/mobilem8-web-service/rest/mobilem8/menusyncinprogress reason: Unexpected token '<', \"<html>\r\n<h\"... is not valid JSON","timestamp":"Sun Jul 27 2025 02:12:07 GMT-0700 (GMT-07:00)"}
{"level":"info","message":"502 - Did not receive status 200 from kioskID call","timestamp":"Sun Jul 27 2025 02:12:07 GMT-0700 (GMT-07:00)"}
{"level":"info","message":"Current Zoom Factor is 1","timestamp":"Sun Jul 27 2025 02:12:07 GMT-0700 (GMT-07:00)"}
{"level":"info","message":"Current Zoom Factor is 1","timestamp":"Sun Jul 27 2025 02:12:07 GMT-0700 (GMT-07:00)"}
{"level":"error","message":"Kiosk ID error: FetchError: request to https://kiosk.emn8.com/deviceservice/kioskid failed, reason: connect ECONNREFUSED 192.168.1.33:443","timestamp":"Sun Jul 27 2025 02:12:13 GMT-0700 (GMT-07:00)"}
{"level":"info","message":"Loaded URL file://c:\\tillster\\bin\\ngk-shell\\resources\\app\\lib/index.html AND text = waitingForServer","timestamp":"Sun Jul 27 2025 02:13:38 GMT-0700 (GMT-07:00)"}
{"level":"info","message":"Checking for menu sync and kiosk ID every 5 seconds until got response","timestamp":"Sun Jul 27 2025 02:13:38 GMT-0700 (GMT-07:00)"}
{"level":"info","message":"Current Zoom Factor is 1","timestamp":"Sun Jul 27 2025 02:13:39 GMT-0700 (GMT-07:00)"}
{"level":"info","message":"Got response. Kiosk ID was received, now going to send browser pings to https://kiosk.emn8.com","timestamp":"Sun Jul 27 2025 02:14:07 GMT-0700 (GMT-07:00)"}
{"level":"info","message":"Menu sync not in progress.","timestamp":"Sun Jul 27 2025 02:14:07 GMT-0700 (GMT-07:00)"}
{"level":"info","message":"Menu sync not in progress and kiosk ID was received: opening browser","timestamp":"Sun Jul 27 2025 02:14:07 GMT-0700 (GMT-07:00)"}
{"level":"info","message":"Loaded URL https://appserver.emn8.com/kiosk AND text = undefined","timestamp":"Sun Jul 27 2025 02:14:07 GMT-0700 (GMT-07:00)"}
{"level":"info","message":"Found Default language: en-us","timestamp":"Sun Jul 27 2025 02:14:07 GMT-0700 (GMT-07:00)"}
{"level":"info","message":"DNS cache refresh is really set: true","timestamp":"Sun Jul 27 2025 02:14:07 GMT-0700 (GMT-07:00)"}
{"level":"info","message":"Perform Health Check: true","timestamp":"Sun Jul 27 2025 02:14:07 GMT-0700 (GMT-07:00)"}
{"level":"info","message":"Health check Interval: 30000ms, Memory Threshold: 1572864KB","timestamp":"Sun Jul 27 2025 02:14:07 GMT-0700 (GMT-07:00)"}
{"level":"info","message":"Perform DNS Refresh: true Interval: 5000","timestamp":"Sun Jul 27 2025 02:14:07 GMT-0700 (GMT-07:00)"}
{"level":"info","message":"Current Zoom Factor is 1","timestamp":"Sun Jul 27 2025 02:14:08 GMT-0700 (GMT-07:00)"}
{"level":"info","message":"GA Event Sent - 204 Host: analytics.google.com","timestamp":"Sun Jul 27 2025 02:14:08 GMT-0700 (GMT-07:00)"}
{"level":"error","message":"Request ERROR :https://appserver.emn8.com/kiosk/bk-kiosk-v2/fonts/Flame-Regular.ttf Error: net::ERR_CACHE_MISS","timestamp":"Sun Jul 27 2025 02:14:08 GMT-0700 (GMT-07:00)"}
{"level":"info","message":"GA Event Sent - 204 Host: analytics.google.com","timestamp":"Sun Jul 27 2025 02:14:08 GMT-0700 (GMT-07:00)"}
{"level":"error","message":"Request ERROR :https://appserver.emn8.com/kiosk/bk-kiosk-v2/fonts/FlameSans-Regular.ttf Error: net::ERR_CACHE_MISS","timestamp":"Sun Jul 27 2025 02:14:09 GMT-0700 (GMT-07:00)"}
{"level":"info","message":"GA Event Sent - 204 Host: analytics.google.com","timestamp":"Sun Jul 27 2025 02:14:13 GMT-0700 (GMT-07:00)"}
{"level":"error","message":"Request ERROR :https://stats.g.doubleclick.net/g/collect?v=2&tid=G-VPQD57JD1Q&cid=1215561835.1716455055&gtm=45je57n0h1v9169462155za200zb77299240zd77299240&aip=1&dma=0&gcd=13l3l3l3l1l1&npa=0&frm=0&tag_exp=101509157~103116026~103200004~103233427~104684208~104684211~104948813 Error: net::ERR_CONNECTION_TIMED_OUT","timestamp":"Sun Jul 27 2025 02:15:32 GMT-0700 (GMT-07:00)"}
{"level":"error","message":"Request ERROR :https://appserver.emn8.com/mobilem8-web-service/rest/mobilem8/userinterfaceconfig?time=03:31:08&dayoftheWeek=Sunday&kioskName=K1&kioskRole=server&locale=en-us&appVersion=1.262.0-3&disposition=TO_GO Error: net::ERR_ABORTED","timestamp":"Sun Jul 27 2025 03:31:08 GMT-0700 (GMT-07:00)"}
{"level":"error","message":"Request ERROR :https://appserver.emn8.com/kiosk/layouts/bk.na.v1.json Error: net::ERR_ABORTED","timestamp":"Sun Jul 27 2025 03:31:08 GMT-0700 (GMT-07:00)"}
{"level":"info","message":"GA Event Sent - 204 Host: analytics.google.com","timestamp":"Sun Jul 27 2025 03:31:08 GMT-0700 (GMT-07:00)"}
{"level":"info","message":"Current Zoom Factor is 1","timestamp":"Sun Jul 27 2025 03:31:08 GMT-0700 (GMT-07:00)"}
{"level":"info","message":"GA Event Sent - 204 Host: analytics.google.com","timestamp":"Sun Jul 27 2025 03:31:09 GMT-0700 (GMT-07:00)"}
{"level":"info","message":"GA Event Sent - 204 Host: analytics.google.com","timestamp":"Sun Jul 27 2025 03:31:09 GMT-0700 (GMT-07:00)"}
{"level":"info","message":"GA Event Sent - 204 Host: analytics.google.com","timestamp":"Sun Jul 27 2025 03:31:14 GMT-0700 (GMT-07:00)"}
{"level":"error","message":"Request ERROR :https://appserver.emn8.com/kiosk/layouts/bk.na.v1.json Error: net::ERR_ABORTED","timestamp":"Sun Jul 27 2025 03:31:29 GMT-0700 (GMT-07:00)"}
{"level":"info","message":"GA Event Sent - 204 Host: analytics.google.com","timestamp":"Sun Jul 27 2025 03:31:29 GMT-0700 (GMT-07:00)"}
{"level":"info","message":"Current Zoom Factor is 1","timestamp":"Sun Jul 27 2025 03:31:29 GMT-0700 (GMT-07:00)"}
{"level":"info","message":"GA Event Sent - 204 Host: analytics.google.com","timestamp":"Sun Jul 27 2025 03:31:29 GMT-0700 (GMT-07:00)"}
{"level":"info","message":"GA Event Sent - 204 Host: analytics.google.com","timestamp":"Sun Jul 27 2025 03:31:30 GMT-0700 (GMT-07:00)"}
{"level":"info","message":"GA Event Sent - 204 Host: analytics.google.com","timestamp":"Sun Jul 27 2025 03:31:34 GMT-0700 (GMT-07:00)"}
{"level":"error","message":"Request ERROR :https://stats.g.doubleclick.net/g/collect?v=2&tid=G-VPQD57JD1Q&cid=1215561835.1716455055&gtm=45je57n0h1v9169462155za200zb77299240zd77299240&aip=1&dma=0&gcd=13l3l3l3l1l1&npa=0&frm=0&tag_exp=101509157~103116026~103200004~103233427~104684208~104684211~104948813 Error: net::ERR_ABORTED","timestamp":"Sun Jul 27 2025 03:31:38 GMT-0700 (GMT-07:00)"}
{"level":"info","message":"6AM. Quitting browser.","timestamp":"Sun Jul 27 2025 06:00:00 GMT-0700 (GMT-07:00)"}
{"level":"info","message":"Loaded URL file://c:\\tillster\\bin\\ngk-shell\\resources\\app\\lib/index.html AND text = waitingForServer","timestamp":"Sun Jul 27 2025 06:00:01 GMT-0700 (GMT-07:00)"}
{"level":"info","message":"Checking for menu sync and kiosk ID every 5 seconds until got response","timestamp":"Sun Jul 27 2025 06:00:01 GMT-0700 (GMT-07:00)"}
{"level":"info","message":"Got response. Kiosk ID was received, now going to send browser pings to https://kiosk.emn8.com","timestamp":"Sun Jul 27 2025 06:00:01 GMT-0700 (GMT-07:00)"}
{"level":"info","message":"Menu sync not in progress.","timestamp":"Sun Jul 27 2025 06:00:01 GMT-0700 (GMT-07:00)"}
{"level":"info","message":"Menu sync not in progress and kiosk ID was received: opening browser","timestamp":"Sun Jul 27 2025 06:00:01 GMT-0700 (GMT-07:00)"}
{"level":"info","message":"Loaded URL https://appserver.emn8.com/kiosk AND text = undefined","timestamp":"Sun Jul 27 2025 06:00:01 GMT-0700 (GMT-07:00)"}
{"level":"info","message":"Found Default language: en-us","timestamp":"Sun Jul 27 2025 06:00:01 GMT-0700 (GMT-07:00)"}
{"level":"info","message":"DNS cache refresh is really set: true","timestamp":"Sun Jul 27 2025 06:00:01 GMT-0700 (GMT-07:00)"}
{"level":"info","message":"Perform Health Check: true","timestamp":"Sun Jul 27 2025 06:00:01 GMT-0700 (GMT-07:00)"}
{"level":"info","message":"Health check Interval: 30000ms, Memory Threshold: 1572864KB","timestamp":"Sun Jul 27 2025 06:00:01 GMT-0700 (GMT-07:00)"}
{"level":"info","message":"Perform DNS Refresh: true Interval: 5000","timestamp":"Sun Jul 27 2025 06:00:01 GMT-0700 (GMT-07:00)"}
{"level":"info","message":"Current Zoom Factor is 1","timestamp":"Sun Jul 27 2025 06:00:01 GMT-0700 (GMT-07:00)"}
{"level":"info","message":"Current Zoom Factor is 1","timestamp":"Sun Jul 27 2025 06:00:01 GMT-0700 (GMT-07:00)"}
{"level":"error","message":"Request ERROR :https://appserver.emn8.com/kiosk/bk-kiosk-v2/fonts/HelveticaNeue-CondensedBold.ttf Error: net::ERR_CACHE_MISS","timestamp":"Sun Jul 27 2025 06:00:02 GMT-0700 (GMT-07:00)"}
{"level":"error","message":"Request ERROR :https://appserver.emn8.com/kiosk/bk-kiosk-v2/fonts/Flame-Regular.ttf Error: net::ERR_CACHE_MISS","timestamp":"Sun Jul 27 2025 06:00:02 GMT-0700 (GMT-07:00)"}
{"level":"error","message":"Request ERROR :https://appserver.emn8.com/kiosk/bk-kiosk-v2/fonts/FlameSans-Regular.ttf Error: net::ERR_CACHE_MISS","timestamp":"Sun Jul 27 2025 06:00:02 GMT-0700 (GMT-07:00)"}
{"level":"info","message":"GA Event Sent - 204 Host: analytics.google.com","timestamp":"Sun Jul 27 2025 06:00:02 GMT-0700 (GMT-07:00)"}
{"level":"info","message":"GA Event Sent - 204 Host: analytics.google.com","timestamp":"Sun Jul 27 2025 06:00:02 GMT-0700 (GMT-07:00)"}
{"level":"info","message":"GA Event Sent - 204 Host: analytics.google.com","timestamp":"Sun Jul 27 2025 06:00:07 GMT-0700 (GMT-07:00)"}
{"level":"error","message":"Request ERROR :https://appserver.emn8.com/mobilem8-web-service/rest/mobilem8/userinterfaceconfig?time=06:00:22&dayoftheWeek=Sunday&kioskName=K1&kioskRole=server&locale=en-us&appVersion=1.262.0-3&disposition=TO_GO Error: net::ERR_ABORTED","timestamp":"Sun Jul 27 2025 06:00:22 GMT-0700 (GMT-07:00)"}
{"level":"error","message":"Request ERROR :https://appserver.emn8.com/kiosk/layouts/bk.na.v1.json Error: net::ERR_ABORTED","timestamp":"Sun Jul 27 2025 06:00:22 GMT-0700 (GMT-07:00)"}
{"level":"info","message":"GA Event Sent - 204 Host: analytics.google.com","timestamp":"Sun Jul 27 2025 06:00:22 GMT-0700 (GMT-07:00)"}
{"level":"info","message":"Current Zoom Factor is 1","timestamp":"Sun Jul 27 2025 06:00:22 GMT-0700 (GMT-07:00)"}
{"level":"info","message":"GA Event Sent - 204 Host: analytics.google.com","timestamp":"Sun Jul 27 2025 06:00:23 GMT-0700 (GMT-07:00)"}
{"level":"info","message":"GA Event Sent - 204 Host: analytics.google.com","timestamp":"Sun Jul 27 2025 06:00:23 GMT-0700 (GMT-07:00)"}
{"level":"info","message":"GA Event Sent - 204 Host: analytics.google.com","timestamp":"Sun Jul 27 2025 06:00:28 GMT-0700 (GMT-07:00)"}
{"level":"error","message":"Request ERROR :https://appserver.emn8.com/mobilem8-web-service/rest/mobilem8/userinterfaceconfig?time=06:00:43&dayoftheWeek=Sunday&kioskName=K1&kioskRole=server&locale=en-us&appVersion=1.262.0-3&disposition=TO_GO Error: net::ERR_ABORTED","timestamp":"Sun Jul 27 2025 06:00:43 GMT-0700 (GMT-07:00)"}
{"level":"error","message":"Request ERROR :https://appserver.emn8.com/kiosk/layouts/bk.na.v1.json Error: net::ERR_ABORTED","timestamp":"Sun Jul 27 2025 06:00:43 GMT-0700 (GMT-07:00)"}
{"level":"info","message":"GA Event Sent - 204 Host: analytics.google.com","timestamp":"Sun Jul 27 2025 06:00:43 GMT-0700 (GMT-07:00)"}
{"level":"info","message":"Current Zoom Factor is 1","timestamp":"Sun Jul 27 2025 06:00:43 GMT-0700 (GMT-07:00)"}
{"level":"info","message":"GA Event Sent - 204 Host: analytics.google.com","timestamp":"Sun Jul 27 2025 06:00:43 GMT-0700 (GMT-07:00)"}
{"level":"info","message":"GA Event Sent - 204 Host: analytics.google.com","timestamp":"Sun Jul 27 2025 06:00:43 GMT-0700 (GMT-07:00)"}
{"level":"info","message":"GA Event Sent - 204 Host: analytics.google.com","timestamp":"Sun Jul 27 2025 06:00:48 GMT-0700 (GMT-07:00)"}
{"level":"error","message":"Request ERROR :https://appserver.emn8.com/kiosk/bk-kiosk-v2/fonts/Flame-Bold.otf Error: net::ERR_CACHE_MISS","timestamp":"Sun Jul 27 2025 09:38:51 GMT-0700 (GMT-07:00)"}
{"level":"info","message":"GA Event Sent - 204 Host: analytics.google.com","timestamp":"Sun Jul 27 2025 09:38:52 GMT-0700 (GMT-07:00)"}
{"level":"info","message":"GA Event Sent - 204 Host: analytics.google.com","timestamp":"Sun Jul 27 2025 09:38:53 GMT-0700 (GMT-07:00)"}
{"level":"info","message":"GA Event Sent - 204 Host: analytics.google.com","timestamp":"Sun Jul 27 2025 09:38:58 GMT-0700 (GMT-07:00)"}
{"level":"info","message":"GA Event Sent - 204 Host: analytics.google.com","timestamp":"Sun Jul 27 2025 09:39:26 GMT-0700 (GMT-07:00)"}
{"level":"info","message":"GA Event Sent - 204 Host: analytics.google.com","timestamp":"Sun Jul 27 2025 09:39:34 GMT-0700 (GMT-07:00)"}
{"level":"info","message":"GA Event Sent - 204 Host: analytics.google.com","timestamp":"Sun Jul 27 2025 09:39:39 GMT-0700 (GMT-07:00)"}
{"level":"info","message":"GA Event Sent - 204 Host: analytics.google.com","timestamp":"Sun Jul 27 2025 09:39:39 GMT-0700 (GMT-07:00)"}
{"level":"info","message":"GA Event Sent - 204 Host: analytics.google.com","timestamp":"Sun Jul 27 2025 09:39:50 GMT-0700 (GMT-07:00)"}
{"level":"info","message":"GA Event Sent - 204 Host: analytics.google.com","timestamp":"Sun Jul 27 2025 09:39:51 GMT-0700 (GMT-07:00)"}
{"level":"info","message":"GA Event Sent - 204 Host: analytics.google.com","timestamp":"Sun Jul 27 2025 09:39:51 GMT-0700 (GMT-07:00)"}
{"level":"info","message":"GA Event Sent - 204 Host: analytics.google.com","timestamp":"Sun Jul 27 2025 09:39:56 GMT-0700 (GMT-07:00)"}
{"level":"error","message":"Request ERROR :https://stats.g.doubleclick.net/g/collect?v=2&tid=G-VPQD57JD1Q&cid=1215561835.1716455055&gtm=45je57n0v9169462155za200zb77299240zd77299240&aip=1&dma=0&gcd=13l3l3l3l1l1&npa=0&frm=0&tag_exp=101509157~103116026~103200004~103233427~104684208~104684211~104948813 Error: net::ERR_CONNECTION_TIMED_OUT","timestamp":"Sun Jul 27 2025 09:40:15 GMT-0700 (GMT-07:00)"}
{"level":"info","message":"GA Event Sent - 204 Host: analytics.google.com","timestamp":"Sun Jul 27 2025 09:40:38 GMT-0700 (GMT-07:00)"}
{"level":"info","message":"GA Event Sent - 204 Host: analytics.google.com","timestamp":"Sun Jul 27 2025 09:40:42 GMT-0700 (GMT-07:00)"}
{"level":"info","message":"GA Event Sent - 204 Host: analytics.google.com","timestamp":"Sun Jul 27 2025 09:40:42 GMT-0700 (GMT-07:00)"}
{"level":"info","message":"GA Event Sent - 204 Host: analytics.google.com","timestamp":"Sun Jul 27 2025 09:40:47 GMT-0700 (GMT-07:00)"}
{"level":"info","message":"GA Event Sent - 204 Host: analytics.google.com","timestamp":"Sun Jul 27 2025 09:40:51 GMT-0700 (GMT-07:00)"}
{"level":"info","message":"GA Event Sent - 204 Host: analytics.google.com","timestamp":"Sun Jul 27 2025 09:40:51 GMT-0700 (GMT-07:00)"}
{"level":"info","message":"GA Event Sent - 204 Host: analytics.google.com","timestamp":"Sun Jul 27 2025 09:40:56 GMT-0700 (GMT-07:00)"}
{"level":"info","message":"GA Event Sent - 204 Host: analytics.google.com","timestamp":"Sun Jul 27 2025 09:41:03 GMT-0700 (GMT-07:00)"}
{"level":"info","message":"GA Event Sent - 204 Host: analytics.google.com","timestamp":"Sun Jul 27 2025 09:41:03 GMT-0700 (GMT-07:00)"}
{"level":"info","message":"GA Event Sent - 204 Host: analytics.google.com","timestamp":"Sun Jul 27 2025 09:41:08 GMT-0700 (GMT-07:00)"}
{"level":"info","message":"GA Event Sent - 204 Host: analytics.google.com","timestamp":"Sun Jul 27 2025 09:41:18 GMT-0700 (GMT-07:00)"}
{"level":"info","message":"GA Event Sent - 204 Host: analytics.google.com","timestamp":"Sun Jul 27 2025 09:41:30 GMT-0700 (GMT-07:00)"}
{"level":"info","message":"GA Event Sent - 204 Host: analytics.google.com","timestamp":"Sun Jul 27 2025 09:41:43 GMT-0700 (GMT-07:00)"}
{"level":"info","message":"GA Event Sent - 204 Host: analytics.google.com","timestamp":"Sun Jul 27 2025 09:41:48 GMT-0700 (GMT-07:00)"}
{"level":"info","message":"GA Event Sent - 204 Host: analytics.google.com","timestamp":"Sun Jul 27 2025 09:42:07 GMT-0700 (GMT-07:00)"}
{"level":"info","message":"GA Event Sent - 204 Host: analytics.google.com","timestamp":"Sun Jul 27 2025 09:42:13 GMT-0700 (GMT-07:00)"}
{"level":"info","message":"GA Event Sent - 204 Host: analytics.google.com","timestamp":"Sun Jul 27 2025 09:42:23 GMT-0700 (GMT-07:00)"}
{"level":"info","message":"GA Event Sent - 204 Host: analytics.google.com","timestamp":"Sun Jul 27 2025 09:42:28 GMT-0700 (GMT-07:00)"}
{"level":"info","message":"GA Event Sent - 204 Host: analytics.google.com","timestamp":"Sun Jul 27 2025 09:42:31 GMT-0700 (GMT-07:00)"}
{"level":"info","message":"GA Event Sent - 204 Host: analytics.google.com","timestamp":"Sun Jul 27 2025 09:42:31 GMT-0700 (GMT-07:00)"}
{"level":"info","message":"GA Event Sent - 204 Host: analytics.google.com","timestamp":"Sun Jul 27 2025 09:42:36 GMT-0700 (GMT-07:00)"}
{"level":"info","message":"GA Event Sent - 204 Host: analytics.google.com","timestamp":"Sun Jul 27 2025 09:42:40 GMT-0700 (GMT-07:00)"}
{"level":"info","message":"GA Event Sent - 204 Host: analytics.google.com","timestamp":"Sun Jul 27 2025 09:42:40 GMT-0700 (GMT-07:00)"}
{"level":"info","message":"GA Event Sent - 204 Host: analytics.google.com","timestamp":"Sun Jul 27 2025 09:42:45 GMT-0700 (GMT-07:00)"}
{"level":"info","message":"GA Event Sent - 204 Host: analytics.google.com","timestamp":"Sun Jul 27 2025 09:42:51 GMT-0700 (GMT-07:00)"}
{"level":"info","message":"GA Event Sent - 204 Host: analytics.google.com","timestamp":"Sun Jul 27 2025 09:42:58 GMT-0700 (GMT-07:00)"}
{"level":"info","message":"GA Event Sent - 204 Host: analytics.google.com","timestamp":"Sun Jul 27 2025 09:43:09 GMT-0700 (GMT-07:00)"}
{"level":"info","message":"GA Event Sent - 204 Host: analytics.google.com","timestamp":"Sun Jul 27 2025 09:43:09 GMT-0700 (GMT-07:00)"}
{"level":"info","message":"GA Event Sent - 204 Host: analytics.google.com","timestamp":"Sun Jul 27 2025 09:43:09 GMT-0700 (GMT-07:00)"}
{"level":"info","message":"GA Event Sent - 204 Host: analytics.google.com","timestamp":"Sun Jul 27 2025 09:43:15 GMT-0700 (GMT-07:00)"}
{"level":"info","message":"GA Event Sent - 204 Host: analytics.google.com","timestamp":"Sun Jul 27 2025 09:43:25 GMT-0700 (GMT-07:00)"}
{"level":"info","message":"GA Event Sent - 204 Host: analytics.google.com","timestamp":"Sun Jul 27 2025 09:43:25 GMT-0700 (GMT-07:00)"}
{"level":"info","message":"GA Event Sent - 204 Host: analytics.google.com","timestamp":"Sun Jul 27 2025 09:43:30 GMT-0700 (GMT-07:00)"}
{"level":"info","message":"GA Event Sent - 204 Host: analytics.google.com","timestamp":"Sun Jul 27 2025 09:43:36 GMT-0700 (GMT-07:00)"}
{"level":"info","message":"GA Event Sent - 204 Host: analytics.google.com","timestamp":"Sun Jul 27 2025 09:43:36 GMT-0700 (GMT-07:00)"}
{"level":"info","message":"GA Event Sent - 204 Host: analytics.google.com","timestamp":"Sun Jul 27 2025 09:43:42 GMT-0700 (GMT-07:00)"}
{"level":"info","message":"GA Event Sent - 204 Host: analytics.google.com","timestamp":"Sun Jul 27 2025 09:43:55 GMT-0700 (GMT-07:00)"}
{"level":"info","message":"GA Event Sent - 204 Host: analytics.google.com","timestamp":"Sun Jul 27 2025 09:44:12 GMT-0700 (GMT-07:00)"}
{"level":"info","message":"GA Event Sent - 204 Host: analytics.google.com","timestamp":"Sun Jul 27 2025 09:44:30 GMT-0700 (GMT-07:00)"}
{"level":"info","message":"GA Event Sent - 204 Host: analytics.google.com","timestamp":"Sun Jul 27 2025 09:44:35 GMT-0700 (GMT-07:00)"}
{"level":"info","message":"GA Event Sent - 204 Host: analytics.google.com","timestamp":"Sun Jul 27 2025 09:44:38 GMT-0700 (GMT-07:00)"}
{"level":"info","message":"GA Event Sent - 204 Host: analytics.google.com","timestamp":"Sun Jul 27 2025 09:44:38 GMT-0700 (GMT-07:00)"}
{"level":"info","message":"GA Event Sent - 204 Host: analytics.google.com","timestamp":"Sun Jul 27 2025 09:44:41 GMT-0700 (GMT-07:00)"}
{"level":"info","message":"GA Event Sent - 204 Host: analytics.google.com","timestamp":"Sun Jul 27 2025 09:44:41 GMT-0700 (GMT-07:00)"}
{"level":"info","message":"GA Event Sent - 204 Host: analytics.google.com","timestamp":"Sun Jul 27 2025 09:44:46 GMT-0700 (GMT-07:00)"}
{"level":"info","message":"GA Event Sent - 204 Host: analytics.google.com","timestamp":"Sun Jul 27 2025 09:44:52 GMT-0700 (GMT-07:00)"}
{"level":"info","message":"GA Event Sent - 204 Host: analytics.google.com","timestamp":"Sun Jul 27 2025 09:44:55 GMT-0700 (GMT-07:00)"}
{"level":"info","message":"GA Event Sent - 204 Host: analytics.google.com","timestamp":"Sun Jul 27 2025 09:44:55 GMT-0700 (GMT-07:00)"}
{"level":"info","message":"GA Event Sent - 204 Host: analytics.google.com","timestamp":"Sun Jul 27 2025 09:44:58 GMT-0700 (GMT-07:00)"}
{"level":"info","message":"GA Event Sent - 204 Host: analytics.google.com","timestamp":"Sun Jul 27 2025 09:44:58 GMT-0700 (GMT-07:00)"}
{"level":"info","message":"GA Event Sent - 204 Host: analytics.google.com","timestamp":"Sun Jul 27 2025 09:45:03 GMT-0700 (GMT-07:00)"}
{"level":"info","message":"GA Event Sent - 204 Host: analytics.google.com","timestamp":"Sun Jul 27 2025 09:45:06 GMT-0700 (GMT-07:00)"}
{"level":"info","message":"GA Event Sent - 204 Host: analytics.google.com","timestamp":"Sun Jul 27 2025 09:45:06 GMT-0700 (GMT-07:00)"}
{"level":"info","message":"GA Event Sent - 204 Host: analytics.google.com","timestamp":"Sun Jul 27 2025 09:45:09 GMT-0700 (GMT-07:00)"}
{"level":"info","message":"GA Event Sent - 204 Host: analytics.google.com","timestamp":"Sun Jul 27 2025 09:45:09 GMT-0700 (GMT-07:00)"}
{"level":"info","message":"GA Event Sent - 204 Host: analytics.google.com","timestamp":"Sun Jul 27 2025 09:45:15 GMT-0700 (GMT-07:00)"}
{"level":"info","message":"GA Event Sent - 204 Host: analytics.google.com","timestamp":"Sun Jul 27 2025 09:45:21 GMT-0700 (GMT-07:00)"}
{"level":"info","message":"GA Event Sent - 204 Host: analytics.google.com","timestamp":"Sun Jul 27 2025 09:45:27 GMT-0700 (GMT-07:00)"}
{"level":"info","message":"GA Event Sent - 204 Host: analytics.google.com","timestamp":"Sun Jul 27 2025 09:46:05 GMT-0700 (GMT-07:00)"}
{"level":"info","message":"GA Event Sent - 204 Host: analytics.google.com","timestamp":"Sun Jul 27 2025 09:46:11 GMT-0700 (GMT-07:00)"}
{"level":"info","message":"GA Event Sent - 204 Host: analytics.google.com","timestamp":"Sun Jul 27 2025 09:46:45 GMT-0700 (GMT-07:00)"}
{"level":"info","message":"GA Event Sent - 204 Host: analytics.google.com","timestamp":"Sun Jul 27 2025 09:46:50 GMT-0700 (GMT-07:00)"}
{"level":"info","message":"GA Event Sent - 204 Host: analytics.google.com","timestamp":"Sun Jul 27 2025 09:47:09 GMT-0700 (GMT-07:00)"}
{"level":"info","message":"GA Event Sent - 204 Host: analytics.google.com","timestamp":"Sun Jul 27 2025 09:47:09 GMT-0700 (GMT-07:00)"}
{"level":"info","message":"GA Event Sent - 204 Host: analytics.google.com","timestamp":"Sun Jul 27 2025 09:47:14 GMT-0700 (GMT-07:00)"}
{"level":"info","message":"GA Event Sent - 204 Host: analytics.google.com","timestamp":"Sun Jul 27 2025 09:47:15 GMT-0700 (GMT-07:00)"}
{"level":"info","message":"GA Event Sent - 204 Host: analytics.google.com","timestamp":"Sun Jul 27 2025 09:47:20 GMT-0700 (GMT-07:00)"}
{"level":"info","message":"GA Event Sent - 204 Host: analytics.google.com","timestamp":"Sun Jul 27 2025 10:03:27 GMT-0700 (GMT-07:00)"}
{"level":"info","message":"GA Event Sent - 204 Host: analytics.google.com","timestamp":"Sun Jul 27 2025 10:03:29 GMT-0700 (GMT-07:00)"}
{"level":"info","message":"GA Event Sent - 204 Host: analytics.google.com","timestamp":"Sun Jul 27 2025 10:03:29 GMT-0700 (GMT-07:00)"}
{"level":"info","message":"GA Event Sent - 204 Host: analytics.google.com","timestamp":"Sun Jul 27 2025 10:03:29 GMT-0700 (GMT-07:00)"}
{"level":"info","message":"GA Event Sent - 204 Host: analytics.google.com","timestamp":"Sun Jul 27 2025 10:03:43 GMT-0700 (GMT-07:00)"}
{"level":"info","message":"GA Event Sent - 204 Host: analytics.google.com","timestamp":"Sun Jul 27 2025 10:03:49 GMT-0700 (GMT-07:00)"}
{"level":"info","message":"GA Event Sent - 204 Host: analytics.google.com","timestamp":"Sun Jul 27 2025 10:04:05 GMT-0700 (GMT-07:00)"}
{"level":"info","message":"GA Event Sent - 204 Host: analytics.google.com","timestamp":"Sun Jul 27 2025 10:04:12 GMT-0700 (GMT-07:00)"}
{"level":"info","message":"GA Event Sent - 204 Host: analytics.google.com","timestamp":"Sun Jul 27 2025 10:04:14 GMT-0700 (GMT-07:00)"}
{"level":"info","message":"GA Event Sent - 204 Host: analytics.google.com","timestamp":"Sun Jul 27 2025 10:04:14 GMT-0700 (GMT-07:00)"}
{"level":"info","message":"GA Event Sent - 204 Host: analytics.google.com","timestamp":"Sun Jul 27 2025 10:04:19 GMT-0700 (GMT-07:00)"}
{"level":"info","message":"GA Event Sent - 204 Host: analytics.google.com","timestamp":"Sun Jul 27 2025 10:04:26 GMT-0700 (GMT-07:00)"}
{"level":"error","message":"Request ERROR :https://appserver.emn8.com/kiosk/bk-kiosk-v2/fonts/DINNextLTPro-Bold.otf Error: net::ERR_CACHE_MISS","timestamp":"Sun Jul 27 2025 10:04:27 GMT-0700 (GMT-07:00)"}
{"level":"info","message":"GA Event Sent - 204 Host: analytics.google.com","timestamp":"Sun Jul 27 2025 10:04:27 GMT-0700 (GMT-07:00)"}
{"level":"info","message":"GA Event Sent - 204 Host: analytics.google.com","timestamp":"Sun Jul 27 2025 10:04:32 GMT-0700 (GMT-07:00)"}
{"level":"info","message":"GA Event Sent - 204 Host: analytics.google.com","timestamp":"Sun Jul 27 2025 10:04:39 GMT-0700 (GMT-07:00)"}
{"level":"info","message":"GA Event Sent - 204 Host: analytics.google.com","timestamp":"Sun Jul 27 2025 10:04:48 GMT-0700 (GMT-07:00)"}
{"level":"info","message":"GA Event Sent - 204 Host: analytics.google.com","timestamp":"Sun Jul 27 2025 10:04:48 GMT-0700 (GMT-07:00)"}
{"level":"info","message":"GA Event Sent - 204 Host: analytics.google.com","timestamp":"Sun Jul 27 2025 10:04:53 GMT-0700 (GMT-07:00)"}
{"level":"info","message":"GA Event Sent - 204 Host: analytics.google.com","timestamp":"Sun Jul 27 2025 10:04:58 GMT-0700 (GMT-07:00)"}
{"level":"info","message":"GA Event Sent - 204 Host: analytics.google.com","timestamp":"Sun Jul 27 2025 10:05:03 GMT-0700 (GMT-07:00)"}
{"level":"info","message":"GA Event Sent - 204 Host: analytics.google.com","timestamp":"Sun Jul 27 2025 11:01:56 GMT-0700 (GMT-07:00)"}
{"level":"info","message":"GA Event Sent - 204 Host: analytics.google.com","timestamp":"Sun Jul 27 2025 11:01:59 GMT-0700 (GMT-07:00)"}
{"level":"info","message":"GA Event Sent - 204 Host: analytics.google.com","timestamp":"Sun Jul 27 2025 11:01:59 GMT-0700 (GMT-07:00)"}
{"level":"info","message":"GA Event Sent - 204 Host: analytics.google.com","timestamp":"Sun Jul 27 2025 11:01:59 GMT-0700 (GMT-07:00)"}
{"level":"info","message":"GA Event Sent - 204 Host: analytics.google.com","timestamp":"Sun Jul 27 2025 11:02:25 GMT-0700 (GMT-07:00)"}
{"level":"info","message":"GA Event Sent - 204 Host: analytics.google.com","timestamp":"Sun Jul 27 2025 11:02:39 GMT-0700 (GMT-07:00)"}
{"level":"info","message":"GA Event Sent - 204 Host: analytics.google.com","timestamp":"Sun Jul 27 2025 11:02:44 GMT-0700 (GMT-07:00)"}
{"level":"info","message":"GA Event Sent - 204 Host: analytics.google.com","timestamp":"Sun Jul 27 2025 11:03:18 GMT-0700 (GMT-07:00)"}
{"level":"error","message":"Request ERROR :https://stats.g.doubleclick.net/g/collect?v=2&tid=G-VPQD57JD1Q&cid=1215561835.1716455055&gtm=45je57n0v9169462155za200zb77299240zd77299240&aip=1&dma=0&gcd=13l3l3l3l1l1&npa=0&frm=0&tag_exp=101509157~103116026~103200004~103233427~104684208~104684211~104948813 Error: net::ERR_CONNECTION_TIMED_OUT","timestamp":"Sun Jul 27 2025 11:03:20 GMT-0700 (GMT-07:00)"}
{"level":"info","message":"GA Event Sent - 204 Host: analytics.google.com","timestamp":"Sun Jul 27 2025 11:03:24 GMT-0700 (GMT-07:00)"}
{"level":"info","message":"GA Event Sent - 204 Host: analytics.google.com","timestamp":"Sun Jul 27 2025 11:03:39 GMT-0700 (GMT-07:00)"}
{"level":"info","message":"GA Event Sent - 204 Host: analytics.google.com","timestamp":"Sun Jul 27 2025 11:03:46 GMT-0700 (GMT-07:00)"}
{"level":"info","message":"GA Event Sent - 204 Host: analytics.google.com","timestamp":"Sun Jul 27 2025 11:03:52 GMT-0700 (GMT-07:00)"}
{"level":"info","message":"GA Event Sent - 204 Host: analytics.google.com","timestamp":"Sun Jul 27 2025 11:04:00 GMT-0700 (GMT-07:00)"}
{"level":"info","message":"GA Event Sent - 204 Host: analytics.google.com","timestamp":"Sun Jul 27 2025 11:04:10 GMT-0700 (GMT-07:00)"}
{"level":"info","message":"GA Event Sent - 204 Host: analytics.google.com","timestamp":"Sun Jul 27 2025 11:04:10 GMT-0700 (GMT-07:00)"}
{"level":"info","message":"GA Event Sent - 204 Host: analytics.google.com","timestamp":"Sun Jul 27 2025 11:04:15 GMT-0700 (GMT-07:00)"}
{"level":"info","message":"GA Event Sent - 204 Host: analytics.google.com","timestamp":"Sun Jul 27 2025 11:04:20 GMT-0700 (GMT-07:00)"}
{"level":"info","message":"GA Event Sent - 204 Host: analytics.google.com","timestamp":"Sun Jul 27 2025 11:04:25 GMT-0700 (GMT-07:00)"}
{"level":"info","message":"GA Event Sent - 204 Host: analytics.google.com","timestamp":"Sun Jul 27 2025 11:04:31 GMT-0700 (GMT-07:00)"}
{"level":"info","message":"GA Event Sent - 204 Host: analytics.google.com","timestamp":"Sun Jul 27 2025 11:04:50 GMT-0700 (GMT-07:00)"}
{"level":"info","message":"GA Event Sent - 204 Host: analytics.google.com","timestamp":"Sun Jul 27 2025 11:05:32 GMT-0700 (GMT-07:00)"}
{"level":"info","message":"GA Event Sent - 204 Host: analytics.google.com","timestamp":"Sun Jul 27 2025 11:05:37 GMT-0700 (GMT-07:00)"}
{"level":"info","message":"GA Event Sent - 204 Host: analytics.google.com","timestamp":"Sun Jul 27 2025 11:05:39 GMT-0700 (GMT-07:00)"}
{"level":"info","message":"GA Event Sent - 204 Host: analytics.google.com","timestamp":"Sun Jul 27 2025 11:05:39 GMT-0700 (GMT-07:00)"}
{"level":"info","message":"GA Event Sent - 204 Host: analytics.google.com","timestamp":"Sun Jul 27 2025 11:05:44 GMT-0700 (GMT-07:00)"}
{"level":"info","message":"GA Event Sent - 204 Host: analytics.google.com","timestamp":"Sun Jul 27 2025 11:05:50 GMT-0700 (GMT-07:00)"}
{"level":"info","message":"GA Event Sent - 204 Host: analytics.google.com","timestamp":"Sun Jul 27 2025 11:05:55 GMT-0700 (GMT-07:00)"}
{"level":"info","message":"GA Event Sent - 204 Host: analytics.google.com","timestamp":"Sun Jul 27 2025 12:34:29 GMT-0700 (GMT-07:00)"}
{"level":"info","message":"GA Event Sent - 204 Host: analytics.google.com","timestamp":"Sun Jul 27 2025 12:34:30 GMT-0700 (GMT-07:00)"}
{"level":"info","message":"GA Event Sent - 204 Host: analytics.google.com","timestamp":"Sun Jul 27 2025 12:34:30 GMT-0700 (GMT-07:00)"}
{"level":"info","message":"GA Event Sent - 204 Host: analytics.google.com","timestamp":"Sun Jul 27 2025 12:34:30 GMT-0700 (GMT-07:00)"}
{"level":"info","message":"GA Event Sent - 204 Host: analytics.google.com","timestamp":"Sun Jul 27 2025 12:34:49 GMT-0700 (GMT-07:00)"}
{"level":"info","message":"GA Event Sent - 204 Host: analytics.google.com","timestamp":"Sun Jul 27 2025 12:34:55 GMT-0700 (GMT-07:00)"}
{"level":"info","message":"GA Event Sent - 204 Host: analytics.google.com","timestamp":"Sun Jul 27 2025 12:35:24 GMT-0700 (GMT-07:00)"}
{"level":"info","message":"GA Event Sent - 204 Host: analytics.google.com","timestamp":"Sun Jul 27 2025 12:35:30 GMT-0700 (GMT-07:00)"}
{"level":"info","message":"GA Event Sent - 204 Host: analytics.google.com","timestamp":"Sun Jul 27 2025 12:35:33 GMT-0700 (GMT-07:00)"}
{"level":"info","message":"GA Event Sent - 204 Host: analytics.google.com","timestamp":"Sun Jul 27 2025 12:35:33 GMT-0700 (GMT-07:00)"}
{"level":"info","message":"GA Event Sent - 204 Host: analytics.google.com","timestamp":"Sun Jul 27 2025 12:35:38 GMT-0700 (GMT-07:00)"}
{"level":"info","message":"GA Event Sent - 204 Host: analytics.google.com","timestamp":"Sun Jul 27 2025 12:35:44 GMT-0700 (GMT-07:00)"}
{"level":"error","message":"Request ERROR :https://stats.g.doubleclick.net/g/collect?v=2&tid=G-VPQD57JD1Q&cid=1215561835.1716455055&gtm=45je57n0v9169462155za200zb77299240zd77299240&aip=1&dma=0&gcd=13l3l3l3l1l1&npa=0&frm=0&tag_exp=101509157~103116026~103200004~103233427~104684208~104684211~104948813 Error: net::ERR_CONNECTION_TIMED_OUT","timestamp":"Sun Jul 27 2025 12:35:53 GMT-0700 (GMT-07:00)"}
{"level":"info","message":"GA Event Sent - 204 Host: analytics.google.com","timestamp":"Sun Jul 27 2025 12:35:56 GMT-0700 (GMT-07:00)"}
{"level":"info","message":"GA Event Sent - 204 Host: analytics.google.com","timestamp":"Sun Jul 27 2025 12:36:05 GMT-0700 (GMT-07:00)"}
{"level":"info","message":"GA Event Sent - 204 Host: analytics.google.com","timestamp":"Sun Jul 27 2025 12:36:16 GMT-0700 (GMT-07:00)"}
{"level":"info","message":"GA Event Sent - 204 Host: analytics.google.com","timestamp":"Sun Jul 27 2025 12:36:21 GMT-0700 (GMT-07:00)"}
{"level":"info","message":"GA Event Sent - 204 Host: analytics.google.com","timestamp":"Sun Jul 27 2025 12:36:27 GMT-0700 (GMT-07:00)"}
{"level":"info","message":"GA Event Sent - 204 Host: analytics.google.com","timestamp":"Sun Jul 27 2025 12:36:32 GMT-0700 (GMT-07:00)"}
{"level":"info","message":"GA Event Sent - 204 Host: analytics.google.com","timestamp":"Sun Jul 27 2025 12:37:35 GMT-0700 (GMT-07:00)"}
{"level":"info","message":"GA Event Sent - 204 Host: analytics.google.com","timestamp":"Sun Jul 27 2025 12:37:37 GMT-0700 (GMT-07:00)"}
{"level":"info","message":"GA Event Sent - 204 Host: analytics.google.com","timestamp":"Sun Jul 27 2025 12:37:37 GMT-0700 (GMT-07:00)"}
{"level":"info","message":"GA Event Sent - 204 Host: analytics.google.com","timestamp":"Sun Jul 27 2025 12:37:37 GMT-0700 (GMT-07:00)"}
{"level":"info","message":"GA Event Sent - 204 Host: analytics.google.com","timestamp":"Sun Jul 27 2025 12:37:50 GMT-0700 (GMT-07:00)"}
{"level":"info","message":"GA Event Sent - 204 Host: analytics.google.com","timestamp":"Sun Jul 27 2025 12:37:50 GMT-0700 (GMT-07:00)"}
{"level":"info","message":"GA Event Sent - 204 Host: analytics.google.com","timestamp":"Sun Jul 27 2025 12:37:55 GMT-0700 (GMT-07:00)"}
{"level":"info","message":"GA Event Sent - 204 Host: analytics.google.com","timestamp":"Sun Jul 27 2025 12:38:01 GMT-0700 (GMT-07:00)"}
{"level":"info","message":"GA Event Sent - 204 Host: analytics.google.com","timestamp":"Sun Jul 27 2025 12:38:08 GMT-0700 (GMT-07:00)"}
{"level":"info","message":"GA Event Sent - 204 Host: analytics.google.com","timestamp":"Sun Jul 27 2025 12:38:10 GMT-0700 (GMT-07:00)"}
{"level":"info","message":"GA Event Sent - 204 Host: analytics.google.com","timestamp":"Sun Jul 27 2025 12:38:10 GMT-0700 (GMT-07:00)"}
{"level":"info","message":"GA Event Sent - 204 Host: analytics.google.com","timestamp":"Sun Jul 27 2025 12:38:15 GMT-0700 (GMT-07:00)"}
{"level":"info","message":"GA Event Sent - 204 Host: analytics.google.com","timestamp":"Sun Jul 27 2025 12:38:30 GMT-0700 (GMT-07:00)"}
{"level":"info","message":"GA Event Sent - 204 Host: analytics.google.com","timestamp":"Sun Jul 27 2025 12:38:35 GMT-0700 (GMT-07:00)"}
{"level":"info","message":"GA Event Sent - 204 Host: analytics.google.com","timestamp":"Sun Jul 27 2025 13:05:57 GMT-0700 (GMT-07:00)"}
{"level":"info","message":"GA Event Sent - 204 Host: analytics.google.com","timestamp":"Sun Jul 27 2025 13:05:59 GMT-0700 (GMT-07:00)"}
{"level":"info","message":"GA Event Sent - 204 Host: analytics.google.com","timestamp":"Sun Jul 27 2025 13:06:00 GMT-0700 (GMT-07:00)"}
{"level":"info","message":"GA Event Sent - 204 Host: analytics.google.com","timestamp":"Sun Jul 27 2025 13:06:00 GMT-0700 (GMT-07:00)"}
{"level":"info","message":"GA Event Sent - 204 Host: analytics.google.com","timestamp":"Sun Jul 27 2025 13:06:04 GMT-0700 (GMT-07:00)"}
{"level":"info","message":"GA Event Sent - 204 Host: analytics.google.com","timestamp":"Sun Jul 27 2025 13:06:04 GMT-0700 (GMT-07:00)"}
{"level":"info","message":"GA Event Sent - 204 Host: analytics.google.com","timestamp":"Sun Jul 27 2025 13:06:09 GMT-0700 (GMT-07:00)"}
{"level":"info","message":"GA Event Sent - 204 Host: analytics.google.com","timestamp":"Sun Jul 27 2025 13:06:15 GMT-0700 (GMT-07:00)"}
{"level":"info","message":"GA Event Sent - 204 Host: analytics.google.com","timestamp":"Sun Jul 27 2025 13:06:21 GMT-0700 (GMT-07:00)"}
{"level":"info","message":"GA Event Sent - 204 Host: analytics.google.com","timestamp":"Sun Jul 27 2025 13:06:27 GMT-0700 (GMT-07:00)"}
{"level":"info","message":"GA Event Sent - 204 Host: analytics.google.com","timestamp":"Sun Jul 27 2025 13:06:33 GMT-0700 (GMT-07:00)"}
{"level":"info","message":"GA Event Sent - 204 Host: analytics.google.com","timestamp":"Sun Jul 27 2025 13:06:44 GMT-0700 (GMT-07:00)"}
{"level":"info","message":"GA Event Sent - 204 Host: analytics.google.com","timestamp":"Sun Jul 27 2025 13:06:54 GMT-0700 (GMT-07:00)"}
{"level":"info","message":"GA Event Sent - 204 Host: analytics.google.com","timestamp":"Sun Jul 27 2025 13:06:57 GMT-0700 (GMT-07:00)"}
{"level":"info","message":"GA Event Sent - 204 Host: analytics.google.com","timestamp":"Sun Jul 27 2025 13:06:57 GMT-0700 (GMT-07:00)"}
{"level":"info","message":"GA Event Sent - 204 Host: analytics.google.com","timestamp":"Sun Jul 27 2025 13:07:02 GMT-0700 (GMT-07:00)"}
{"level":"info","message":"GA Event Sent - 204 Host: analytics.google.com","timestamp":"Sun Jul 27 2025 13:07:08 GMT-0700 (GMT-07:00)"}
{"level":"info","message":"GA Event Sent - 204 Host: analytics.google.com","timestamp":"Sun Jul 27 2025 13:07:24 GMT-0700 (GMT-07:00)"}
{"level":"info","message":"GA Event Sent - 204 Host: analytics.google.com","timestamp":"Sun Jul 27 2025 13:07:27 GMT-0700 (GMT-07:00)"}
{"level":"info","message":"GA Event Sent - 204 Host: analytics.google.com","timestamp":"Sun Jul 27 2025 13:07:32 GMT-0700 (GMT-07:00)"}
{"level":"info","message":"GA Event Sent - 204 Host: analytics.google.com","timestamp":"Sun Jul 27 2025 13:50:16 GMT-0700 (GMT-07:00)"}
{"level":"info","message":"GA Event Sent - 204 Host: analytics.google.com","timestamp":"Sun Jul 27 2025 13:50:20 GMT-0700 (GMT-07:00)"}
{"level":"info","message":"GA Event Sent - 204 Host: analytics.google.com","timestamp":"Sun Jul 27 2025 13:51:00 GMT-0700 (GMT-07:00)"}
{"level":"info","message":"GA Event Sent - 204 Host: analytics.google.com","timestamp":"Sun Jul 27 2025 13:51:25 GMT-0700 (GMT-07:00)"}
{"level":"info","message":"GA Event Sent - 204 Host: analytics.google.com","timestamp":"Sun Jul 27 2025 13:51:30 GMT-0700 (GMT-07:00)"}
{"level":"error","message":"Request ERROR :https://stats.g.doubleclick.net/g/collect?v=2&tid=G-VPQD57JD1Q&cid=1215561835.1716455055&gtm=45je57n0v9169462155za200zb77299240zd77299240&aip=1&dma=0&gcd=13l3l3l3l1l1&npa=0&frm=0&tag_exp=101509157~103116026~103200004~103233427~104684208~104684211~104948813 Error: net::ERR_CONNECTION_TIMED_OUT","timestamp":"Sun Jul 27 2025 13:51:40 GMT-0700 (GMT-07:00)"}
{"level":"info","message":"GA Event Sent - 204 Host: analytics.google.com","timestamp":"Sun Jul 27 2025 13:55:24 GMT-0700 (GMT-07:00)"}
{"level":"info","message":"GA Event Sent - 204 Host: analytics.google.com","timestamp":"Sun Jul 27 2025 13:55:26 GMT-0700 (GMT-07:00)"}
{"level":"info","message":"GA Event Sent - 204 Host: analytics.google.com","timestamp":"Sun Jul 27 2025 13:55:31 GMT-0700 (GMT-07:00)"}
{"level":"info","message":"GA Event Sent - 204 Host: analytics.google.com","timestamp":"Sun Jul 27 2025 13:56:00 GMT-0700 (GMT-07:00)"}
{"level":"info","message":"GA Event Sent - 204 Host: analytics.google.com","timestamp":"Sun Jul 27 2025 13:56:08 GMT-0700 (GMT-07:00)"}
{"level":"info","message":"GA Event Sent - 204 Host: analytics.google.com","timestamp":"Sun Jul 27 2025 13:56:13 GMT-0700 (GMT-07:00)"}
{"level":"info","message":"GA Event Sent - 204 Host: analytics.google.com","timestamp":"Sun Jul 27 2025 13:56:13 GMT-0700 (GMT-07:00)"}
{"level":"info","message":"GA Event Sent - 204 Host: analytics.google.com","timestamp":"Sun Jul 27 2025 13:56:16 GMT-0700 (GMT-07:00)"}
{"level":"info","message":"GA Event Sent - 204 Host: analytics.google.com","timestamp":"Sun Jul 27 2025 13:56:16 GMT-0700 (GMT-07:00)"}
{"level":"info","message":"GA Event Sent - 204 Host: analytics.google.com","timestamp":"Sun Jul 27 2025 13:56:22 GMT-0700 (GMT-07:00)"}
{"level":"info","message":"GA Event Sent - 204 Host: analytics.google.com","timestamp":"Sun Jul 27 2025 13:56:27 GMT-0700 (GMT-07:00)"}
{"level":"info","message":"GA Event Sent - 204 Host: analytics.google.com","timestamp":"Sun Jul 27 2025 13:56:28 GMT-0700 (GMT-07:00)"}
{"level":"info","message":"GA Event Sent - 204 Host: analytics.google.com","timestamp":"Sun Jul 27 2025 13:56:28 GMT-0700 (GMT-07:00)"}
{"level":"info","message":"GA Event Sent - 204 Host: analytics.google.com","timestamp":"Sun Jul 27 2025 13:56:28 GMT-0700 (GMT-07:00)"}
{"level":"info","message":"GA Event Sent - 204 Host: analytics.google.com","timestamp":"Sun Jul 27 2025 13:56:33 GMT-0700 (GMT-07:00)"}
{"level":"error","message":"Request ERROR :https://cdn.sanity.io/images/czqk28jt/prod_bk_us/fd9cea6067d704a340de579d8fe05d61247891b8-1600x1600.png?w=200&q=80&fit=max&auto=format Error: net::ERR_CONNECTION_TIMED_OUT","timestamp":"Sun Jul 27 2025 13:56:37 GMT-0700 (GMT-07:00)"}
{"level":"error","message":"Request ERROR :https://cdn.sanity.io/images/czqk28jt/prod_bk_us/c8fcb681fcb8c696b6546fdf1617249b32be540f-1600x1600.png?w=200&q=80&fit=max&auto=format Error: net::ERR_CONNECTION_TIMED_OUT","timestamp":"Sun Jul 27 2025 13:56:37 GMT-0700 (GMT-07:00)"}
{"level":"error","message":"Request ERROR :https://cdn.sanity.io/images/czqk28jt/prod_bk_us/5783e71f4f19e1629e1267916bb77582a049a257-1600x1600.png?w=200&q=80&fit=max&auto=format Error: net::ERR_CONNECTION_TIMED_OUT","timestamp":"Sun Jul 27 2025 13:56:38 GMT-0700 (GMT-07:00)"}
{"level":"error","message":"Request ERROR :https://cdn.sanity.io/images/czqk28jt/prod_bk_us/a4147d2bcebe1eaa4a56710700a427ba6b76f1c1-1333x1333.png?w=200&q=80&fit=max&auto=format Error: net::ERR_CONNECTION_TIMED_OUT","timestamp":"Sun Jul 27 2025 13:56:38 GMT-0700 (GMT-07:00)"}
{"level":"error","message":"Request ERROR :https://cdn.sanity.io/images/czqk28jt/prod_bk_us/7e2fc1e3f01b46c9860338c4747e4f41e32ba8e0-1333x1333.png?w=200&q=80&fit=max&auto=format Error: net::ERR_CONNECTION_TIMED_OUT","timestamp":"Sun Jul 27 2025 13:56:38 GMT-0700 (GMT-07:00)"}
{"level":"error","message":"Request ERROR :https://cdn.sanity.io/images/czqk28jt/prod_bk_us/8915166ff9ac6a2cc4ee9b56010ddc09110f2aec-1333x1333.png?w=200&q=80&fit=max&auto=format Error: net::ERR_CONNECTION_TIMED_OUT","timestamp":"Sun Jul 27 2025 13:56:38 GMT-0700 (GMT-07:00)"}
{"level":"info","message":"GA Event Sent - 204 Host: analytics.google.com","timestamp":"Sun Jul 27 2025 13:56:43 GMT-0700 (GMT-07:00)"}
{"level":"info","message":"GA Event Sent - 204 Host: analytics.google.com","timestamp":"Sun Jul 27 2025 13:56:43 GMT-0700 (GMT-07:00)"}
{"level":"info","message":"GA Event Sent - 204 Host: analytics.google.com","timestamp":"Sun Jul 27 2025 13:56:56 GMT-0700 (GMT-07:00)"}
{"level":"error","message":"Request ERROR :https://cdn.sanity.io/images/czqk28jt/prod_bk_us/ca0fa8006f3243071916edecbfdd9e5c15b03e97-1333x1333.png?w=200&q=80&fit=max&auto=format Error: net::ERR_CONNECTION_TIMED_OUT","timestamp":"Sun Jul 27 2025 13:56:58 GMT-0700 (GMT-07:00)"}
{"level":"error","message":"Request ERROR :https://cdn.sanity.io/images/czqk28jt/prod_bk_us/838acc5bc2c78ea3a896c99a133bc7090c42040c-1500x1500.png?w=200&q=80&fit=max&auto=format Error: net::ERR_CONNECTION_TIMED_OUT","timestamp":"Sun Jul 27 2025 13:56:58 GMT-0700 (GMT-07:00)"}
{"level":"info","message":"GA Event Sent - 204 Host: analytics.google.com","timestamp":"Sun Jul 27 2025 13:57:08 GMT-0700 (GMT-07:00)"}
{"level":"info","message":"GA Event Sent - 204 Host: analytics.google.com","timestamp":"Sun Jul 27 2025 13:57:13 GMT-0700 (GMT-07:00)"}
{"level":"info","message":"GA Event Sent - 204 Host: analytics.google.com","timestamp":"Sun Jul 27 2025 13:57:32 GMT-0700 (GMT-07:00)"}
{"level":"info","message":"GA Event Sent - 204 Host: analytics.google.com","timestamp":"Sun Jul 27 2025 13:57:32 GMT-0700 (GMT-07:00)"}
{"level":"info","message":"GA Event Sent - 204 Host: analytics.google.com","timestamp":"Sun Jul 27 2025 13:57:37 GMT-0700 (GMT-07:00)"}
{"level":"info","message":"GA Event Sent - 204 Host: analytics.google.com","timestamp":"Sun Jul 27 2025 13:57:44 GMT-0700 (GMT-07:00)"}
{"level":"info","message":"GA Event Sent - 204 Host: analytics.google.com","timestamp":"Sun Jul 27 2025 13:57:50 GMT-0700 (GMT-07:00)"}
{"level":"info","message":"GA Event Sent - 204 Host: analytics.google.com","timestamp":"Sun Jul 27 2025 13:57:55 GMT-0700 (GMT-07:00)"}
{"level":"info","message":"GA Event Sent - 204 Host: analytics.google.com","timestamp":"Sun Jul 27 2025 13:58:00 GMT-0700 (GMT-07:00)"}
{"level":"info","message":"GA Event Sent - 204 Host: analytics.google.com","timestamp":"Sun Jul 27 2025 13:58:24 GMT-0700 (GMT-07:00)"}
{"level":"info","message":"GA Event Sent - 204 Host: analytics.google.com","timestamp":"Sun Jul 27 2025 13:58:24 GMT-0700 (GMT-07:00)"}
{"level":"info","message":"GA Event Sent - 204 Host: analytics.google.com","timestamp":"Sun Jul 27 2025 13:58:29 GMT-0700 (GMT-07:00)"}
{"level":"info","message":"GA Event Sent - 204 Host: analytics.google.com","timestamp":"Sun Jul 27 2025 13:58:34 GMT-0700 (GMT-07:00)"}
{"level":"info","message":"GA Event Sent - 204 Host: analytics.google.com","timestamp":"Sun Jul 27 2025 13:58:34 GMT-0700 (GMT-07:00)"}
{"level":"info","message":"GA Event Sent - 204 Host: analytics.google.com","timestamp":"Sun Jul 27 2025 13:58:34 GMT-0700 (GMT-07:00)"}
{"level":"info","message":"GA Event Sent - 204 Host: analytics.google.com","timestamp":"Sun Jul 27 2025 13:58:39 GMT-0700 (GMT-07:00)"}
{"level":"info","message":"GA Event Sent - 204 Host: analytics.google.com","timestamp":"Sun Jul 27 2025 14:35:01 GMT-0700 (GMT-07:00)"}
{"level":"info","message":"GA Event Sent - 204 Host: analytics.google.com","timestamp":"Sun Jul 27 2025 14:35:03 GMT-0700 (GMT-07:00)"}
{"level":"info","message":"GA Event Sent - 204 Host: analytics.google.com","timestamp":"Sun Jul 27 2025 14:35:03 GMT-0700 (GMT-07:00)"}
{"level":"info","message":"GA Event Sent - 204 Host: analytics.google.com","timestamp":"Sun Jul 27 2025 14:35:03 GMT-0700 (GMT-07:00)"}
{"level":"info","message":"GA Event Sent - 204 Host: analytics.google.com","timestamp":"Sun Jul 27 2025 14:35:13 GMT-0700 (GMT-07:00)"}
{"level":"info","message":"GA Event Sent - 204 Host: analytics.google.com","timestamp":"Sun Jul 27 2025 14:35:13 GMT-0700 (GMT-07:00)"}
{"level":"info","message":"GA Event Sent - 204 Host: analytics.google.com","timestamp":"Sun Jul 27 2025 14:35:17 GMT-0700 (GMT-07:00)"}
{"level":"info","message":"GA Event Sent - 204 Host: analytics.google.com","timestamp":"Sun Jul 27 2025 14:35:17 GMT-0700 (GMT-07:00)"}
{"level":"info","message":"GA Event Sent - 204 Host: analytics.google.com","timestamp":"Sun Jul 27 2025 14:35:22 GMT-0700 (GMT-07:00)"}
{"level":"info","message":"GA Event Sent - 204 Host: analytics.google.com","timestamp":"Sun Jul 27 2025 14:35:35 GMT-0700 (GMT-07:00)"}
{"level":"info","message":"GA Event Sent - 204 Host: analytics.google.com","timestamp":"Sun Jul 27 2025 14:35:42 GMT-0700 (GMT-07:00)"}
{"level":"info","message":"GA Event Sent - 204 Host: analytics.google.com","timestamp":"Sun Jul 27 2025 14:35:48 GMT-0700 (GMT-07:00)"}
{"level":"info","message":"GA Event Sent - 204 Host: analytics.google.com","timestamp":"Sun Jul 27 2025 14:35:55 GMT-0700 (GMT-07:00)"}
{"level":"info","message":"GA Event Sent - 204 Host: analytics.google.com","timestamp":"Sun Jul 27 2025 14:36:13 GMT-0700 (GMT-07:00)"}
{"level":"info","message":"GA Event Sent - 204 Host: analytics.google.com","timestamp":"Sun Jul 27 2025 14:36:19 GMT-0700 (GMT-07:00)"}
{"level":"error","message":"Request ERROR :https://stats.g.doubleclick.net/g/collect?v=2&tid=G-VPQD57JD1Q&cid=1215561835.1716455055&gtm=45je57n0v9169462155za200zb77299240zd77299240&aip=1&dma=0&gcd=13l3l3l3l1l1&npa=0&frm=0&tag_exp=101509157~103116026~103200004~103233427~104684208~104684211~104948813 Error: net::ERR_CONNECTION_TIMED_OUT","timestamp":"Sun Jul 27 2025 14:36:25 GMT-0700 (GMT-07:00)"}
{"level":"info","message":"GA Event Sent - 204 Host: analytics.google.com","timestamp":"Sun Jul 27 2025 14:36:26 GMT-0700 (GMT-07:00)"}
{"level":"info","message":"GA Event Sent - 204 Host: analytics.google.com","timestamp":"Sun Jul 27 2025 14:36:33 GMT-0700 (GMT-07:00)"}
{"level":"info","message":"GA Event Sent - 204 Host: analytics.google.com","timestamp":"Sun Jul 27 2025 14:36:38 GMT-0700 (GMT-07:00)"}
{"level":"info","message":"GA Event Sent - 204 Host: analytics.google.com","timestamp":"Sun Jul 27 2025 14:36:44 GMT-0700 (GMT-07:00)"}
{"level":"info","message":"GA Event Sent - 204 Host: analytics.google.com","timestamp":"Sun Jul 27 2025 14:36:50 GMT-0700 (GMT-07:00)"}
{"level":"info","message":"GA Event Sent - 204 Host: analytics.google.com","timestamp":"Sun Jul 27 2025 14:36:57 GMT-0700 (GMT-07:00)"}
{"level":"info","message":"GA Event Sent - 204 Host: analytics.google.com","timestamp":"Sun Jul 27 2025 14:36:57 GMT-0700 (GMT-07:00)"}
{"level":"info","message":"GA Event Sent - 204 Host: analytics.google.com","timestamp":"Sun Jul 27 2025 14:37:02 GMT-0700 (GMT-07:00)"}
{"level":"info","message":"GA Event Sent - 204 Host: analytics.google.com","timestamp":"Sun Jul 27 2025 14:37:07 GMT-0700 (GMT-07:00)"}
{"level":"info","message":"GA Event Sent - 204 Host: analytics.google.com","timestamp":"Sun Jul 27 2025 17:09:23 GMT-0700 (GMT-07:00)"}
{"level":"info","message":"GA Event Sent - 204 Host: analytics.google.com","timestamp":"Sun Jul 27 2025 17:09:25 GMT-0700 (GMT-07:00)"}
{"level":"info","message":"GA Event Sent - 204 Host: analytics.google.com","timestamp":"Sun Jul 27 2025 17:09:25 GMT-0700 (GMT-07:00)"}
{"level":"info","message":"GA Event Sent - 204 Host: analytics.google.com","timestamp":"Sun Jul 27 2025 17:09:25 GMT-0700 (GMT-07:00)"}
{"level":"info","message":"GA Event Sent - 204 Host: analytics.google.com","timestamp":"Sun Jul 27 2025 17:09:36 GMT-0700 (GMT-07:00)"}
{"level":"info","message":"GA Event Sent - 204 Host: analytics.google.com","timestamp":"Sun Jul 27 2025 17:09:36 GMT-0700 (GMT-07:00)"}
{"level":"info","message":"GA Event Sent - 204 Host: analytics.google.com","timestamp":"Sun Jul 27 2025 17:09:40 GMT-0700 (GMT-07:00)"}
{"level":"info","message":"GA Event Sent - 204 Host: analytics.google.com","timestamp":"Sun Jul 27 2025 17:09:40 GMT-0700 (GMT-07:00)"}
{"level":"info","message":"GA Event Sent - 204 Host: analytics.google.com","timestamp":"Sun Jul 27 2025 17:09:44 GMT-0700 (GMT-07:00)"}
{"level":"info","message":"GA Event Sent - 204 Host: analytics.google.com","timestamp":"Sun Jul 27 2025 17:09:44 GMT-0700 (GMT-07:00)"}
{"level":"info","message":"GA Event Sent - 204 Host: analytics.google.com","timestamp":"Sun Jul 27 2025 17:09:49 GMT-0700 (GMT-07:00)"}
{"level":"info","message":"GA Event Sent - 204 Host: analytics.google.com","timestamp":"Sun Jul 27 2025 17:10:00 GMT-0700 (GMT-07:00)"}
{"level":"info","message":"GA Event Sent - 204 Host: analytics.google.com","timestamp":"Sun Jul 27 2025 17:10:12 GMT-0700 (GMT-07:00)"}
{"level":"info","message":"GA Event Sent - 204 Host: analytics.google.com","timestamp":"Sun Jul 27 2025 17:10:25 GMT-0700 (GMT-07:00)"}
{"level":"info","message":"GA Event Sent - 204 Host: analytics.google.com","timestamp":"Sun Jul 27 2025 17:10:30 GMT-0700 (GMT-07:00)"}
{"level":"info","message":"GA Event Sent - 204 Host: analytics.google.com","timestamp":"Sun Jul 27 2025 17:10:37 GMT-0700 (GMT-07:00)"}
{"level":"info","message":"GA Event Sent - 204 Host: analytics.google.com","timestamp":"Sun Jul 27 2025 17:10:46 GMT-0700 (GMT-07:00)"}
{"level":"error","message":"Request ERROR :https://stats.g.doubleclick.net/g/collect?v=2&tid=G-VPQD57JD1Q&cid=1215561835.1716455055&gtm=45je57n0v9169462155za200zb77299240zd77299240&aip=1&dma=0&gcd=13l3l3l3l1l1&npa=0&frm=0&tag_exp=101509157~103116026~103200004~103233427~104684208~104684211~104948813 Error: net::ERR_CONNECTION_TIMED_OUT","timestamp":"Sun Jul 27 2025 17:10:47 GMT-0700 (GMT-07:00)"}
{"level":"info","message":"GA Event Sent - 204 Host: analytics.google.com","timestamp":"Sun Jul 27 2025 17:10:52 GMT-0700 (GMT-07:00)"}
{"level":"info","message":"GA Event Sent - 204 Host: analytics.google.com","timestamp":"Sun Jul 27 2025 17:10:58 GMT-0700 (GMT-07:00)"}
{"level":"info","message":"GA Event Sent - 204 Host: analytics.google.com","timestamp":"Sun Jul 27 2025 17:11:05 GMT-0700 (GMT-07:00)"}
{"level":"info","message":"GA Event Sent - 204 Host: analytics.google.com","timestamp":"Sun Jul 27 2025 17:11:11 GMT-0700 (GMT-07:00)"}
{"level":"info","message":"GA Event Sent - 204 Host: analytics.google.com","timestamp":"Sun Jul 27 2025 17:11:24 GMT-0700 (GMT-07:00)"}
{"level":"info","message":"GA Event Sent - 204 Host: analytics.google.com","timestamp":"Sun Jul 27 2025 17:11:30 GMT-0700 (GMT-07:00)"}
{"level":"info","message":"GA Event Sent - 204 Host: analytics.google.com","timestamp":"Sun Jul 27 2025 17:11:35 GMT-0700 (GMT-07:00)"}
{"level":"info","message":"GA Event Sent - 204 Host: analytics.google.com","timestamp":"Sun Jul 27 2025 17:11:50 GMT-0700 (GMT-07:00)"}
{"level":"info","message":"GA Event Sent - 204 Host: analytics.google.com","timestamp":"Sun Jul 27 2025 17:11:55 GMT-0700 (GMT-07:00)"}
{"level":"info","message":"GA Event Sent - 204 Host: analytics.google.com","timestamp":"Sun Jul 27 2025 19:14:07 GMT-0700 (GMT-07:00)"}
{"level":"info","message":"GA Event Sent - 204 Host: analytics.google.com","timestamp":"Sun Jul 27 2025 19:14:09 GMT-0700 (GMT-07:00)"}
{"level":"info","message":"GA Event Sent - 204 Host: analytics.google.com","timestamp":"Sun Jul 27 2025 19:14:09 GMT-0700 (GMT-07:00)"}
{"level":"info","message":"GA Event Sent - 204 Host: analytics.google.com","timestamp":"Sun Jul 27 2025 19:14:09 GMT-0700 (GMT-07:00)"}
{"level":"info","message":"GA Event Sent - 204 Host: analytics.google.com","timestamp":"Sun Jul 27 2025 19:14:20 GMT-0700 (GMT-07:00)"}
{"level":"info","message":"GA Event Sent - 204 Host: analytics.google.com","timestamp":"Sun Jul 27 2025 19:14:20 GMT-0700 (GMT-07:00)"}
{"level":"info","message":"GA Event Sent - 204 Host: analytics.google.com","timestamp":"Sun Jul 27 2025 19:14:35 GMT-0700 (GMT-07:00)"}
{"level":"info","message":"GA Event Sent - 204 Host: analytics.google.com","timestamp":"Sun Jul 27 2025 19:14:37 GMT-0700 (GMT-07:00)"}
{"level":"info","message":"GA Event Sent - 204 Host: analytics.google.com","timestamp":"Sun Jul 27 2025 19:14:37 GMT-0700 (GMT-07:00)"}
{"level":"info","message":"GA Event Sent - 204 Host: analytics.google.com","timestamp":"Sun Jul 27 2025 19:14:42 GMT-0700 (GMT-07:00)"}
{"level":"info","message":"GA Event Sent - 204 Host: analytics.google.com","timestamp":"Sun Jul 27 2025 19:15:04 GMT-0700 (GMT-07:00)"}
{"level":"info","message":"GA Event Sent - 204 Host: analytics.google.com","timestamp":"Sun Jul 27 2025 19:15:06 GMT-0700 (GMT-07:00)"}
{"level":"info","message":"GA Event Sent - 204 Host: analytics.google.com","timestamp":"Sun Jul 27 2025 19:15:06 GMT-0700 (GMT-07:00)"}
{"level":"info","message":"GA Event Sent - 204 Host: analytics.google.com","timestamp":"Sun Jul 27 2025 19:15:12 GMT-0700 (GMT-07:00)"}
{"level":"info","message":"GA Event Sent - 204 Host: analytics.google.com","timestamp":"Sun Jul 27 2025 19:15:18 GMT-0700 (GMT-07:00)"}
{"level":"info","message":"GA Event Sent - 204 Host: analytics.google.com","timestamp":"Sun Jul 27 2025 19:15:24 GMT-0700 (GMT-07:00)"}
{"level":"error","message":"Request ERROR :https://stats.g.doubleclick.net/g/collect?v=2&tid=G-VPQD57JD1Q&cid=1215561835.1716455055&gtm=45je57n0v9169462155za200zb77299240zd77299240&aip=1&dma=0&gcd=13l3l3l3l1l1&npa=0&frm=0&tag_exp=101509157~103116026~103200004~103233427~104684208~104684211~104948813 Error: net::ERR_CONNECTION_TIMED_OUT","timestamp":"Sun Jul 27 2025 19:15:30 GMT-0700 (GMT-07:00)"}
{"level":"info","message":"GA Event Sent - 204 Host: analytics.google.com","timestamp":"Sun Jul 27 2025 19:15:31 GMT-0700 (GMT-07:00)"}
{"level":"info","message":"GA Event Sent - 204 Host: analytics.google.com","timestamp":"Sun Jul 27 2025 19:15:37 GMT-0700 (GMT-07:00)"}
{"level":"info","message":"GA Event Sent - 204 Host: analytics.google.com","timestamp":"Sun Jul 27 2025 19:16:08 GMT-0700 (GMT-07:00)"}
{"level":"info","message":"GA Event Sent - 204 Host: analytics.google.com","timestamp":"Sun Jul 27 2025 19:16:08 GMT-0700 (GMT-07:00)"}
{"level":"info","message":"GA Event Sent - 204 Host: analytics.google.com","timestamp":"Sun Jul 27 2025 19:16:43 GMT-0700 (GMT-07:00)"}
{"level":"info","message":"GA Event Sent - 204 Host: analytics.google.com","timestamp":"Sun Jul 27 2025 19:16:49 GMT-0700 (GMT-07:00)"}
{"level":"info","message":"GA Event Sent - 204 Host: analytics.google.com","timestamp":"Sun Jul 27 2025 19:17:02 GMT-0700 (GMT-07:00)"}
{"level":"info","message":"GA Event Sent - 204 Host: analytics.google.com","timestamp":"Sun Jul 27 2025 19:17:02 GMT-0700 (GMT-07:00)"}
{"level":"info","message":"GA Event Sent - 204 Host: analytics.google.com","timestamp":"Sun Jul 27 2025 19:17:04 GMT-0700 (GMT-07:00)"}
{"level":"info","message":"GA Event Sent - 204 Host: analytics.google.com","timestamp":"Sun Jul 27 2025 19:17:04 GMT-0700 (GMT-07:00)"}
{"level":"info","message":"GA Event Sent - 204 Host: analytics.google.com","timestamp":"Sun Jul 27 2025 19:17:05 GMT-0700 (GMT-07:00)"}
{"level":"info","message":"GA Event Sent - 204 Host: analytics.google.com","timestamp":"Sun Jul 27 2025 19:17:05 GMT-0700 (GMT-07:00)"}
{"level":"info","message":"GA Event Sent - 204 Host: analytics.google.com","timestamp":"Sun Jul 27 2025 19:17:07 GMT-0700 (GMT-07:00)"}
{"level":"info","message":"GA Event Sent - 204 Host: analytics.google.com","timestamp":"Sun Jul 27 2025 19:17:07 GMT-0700 (GMT-07:00)"}
{"level":"info","message":"GA Event Sent - 204 Host: analytics.google.com","timestamp":"Sun Jul 27 2025 19:17:12 GMT-0700 (GMT-07:00)"}
{"level":"error","message":"Request ERROR :https://cdn.sanity.io/images/czqk28jt/prod_bk_us/fd9cea6067d704a340de579d8fe05d61247891b8-1600x1600.png?w=200&q=80&fit=max&auto=format Error: net::ERR_CONNECTION_TIMED_OUT","timestamp":"Sun Jul 27 2025 19:17:26 GMT-0700 (GMT-07:00)"}
{"level":"error","message":"Request ERROR :https://cdn.sanity.io/images/czqk28jt/prod_bk_us/c8fcb681fcb8c696b6546fdf1617249b32be540f-1600x1600.png?w=200&q=80&fit=max&auto=format Error: net::ERR_CONNECTION_TIMED_OUT","timestamp":"Sun Jul 27 2025 19:17:26 GMT-0700 (GMT-07:00)"}
{"level":"error","message":"Request ERROR :https://cdn.sanity.io/images/czqk28jt/prod_bk_us/5783e71f4f19e1629e1267916bb77582a049a257-1600x1600.png?w=200&q=80&fit=max&auto=format Error: net::ERR_CONNECTION_TIMED_OUT","timestamp":"Sun Jul 27 2025 19:17:26 GMT-0700 (GMT-07:00)"}
{"level":"error","message":"Request ERROR :https://cdn.sanity.io/images/czqk28jt/prod_bk_us/a4147d2bcebe1eaa4a56710700a427ba6b76f1c1-1333x1333.png?w=200&q=80&fit=max&auto=format Error: net::ERR_CONNECTION_TIMED_OUT","timestamp":"Sun Jul 27 2025 19:17:26 GMT-0700 (GMT-07:00)"}
{"level":"error","message":"Request ERROR :https://cdn.sanity.io/images/czqk28jt/prod_bk_us/7e2fc1e3f01b46c9860338c4747e4f41e32ba8e0-1333x1333.png?w=200&q=80&fit=max&auto=format Error: net::ERR_CONNECTION_TIMED_OUT","timestamp":"Sun Jul 27 2025 19:17:26 GMT-0700 (GMT-07:00)"}
{"level":"error","message":"Request ERROR :https://cdn.sanity.io/images/czqk28jt/prod_bk_us/8915166ff9ac6a2cc4ee9b56010ddc09110f2aec-1333x1333.png?w=200&q=80&fit=max&auto=format Error: net::ERR_CONNECTION_TIMED_OUT","timestamp":"Sun Jul 27 2025 19:17:26 GMT-0700 (GMT-07:00)"}
{"level":"error","message":"Request ERROR :https://cdn.sanity.io/images/czqk28jt/prod_bk_us/ca0fa8006f3243071916edecbfdd9e5c15b03e97-1333x1333.png?w=200&q=80&fit=max&auto=format Error: net::ERR_CONNECTION_TIMED_OUT","timestamp":"Sun Jul 27 2025 19:17:47 GMT-0700 (GMT-07:00)"}
{"level":"error","message":"Request ERROR :https://cdn.sanity.io/images/czqk28jt/prod_bk_us/838acc5bc2c78ea3a896c99a133bc7090c42040c-1500x1500.png?w=200&q=80&fit=max&auto=format Error: net::ERR_CONNECTION_TIMED_OUT","timestamp":"Sun Jul 27 2025 19:17:47 GMT-0700 (GMT-07:00)"}
{"level":"info","message":"GA Event Sent - 204 Host: analytics.google.com","timestamp":"Sun Jul 27 2025 19:17:53 GMT-0700 (GMT-07:00)"}
{"level":"info","message":"GA Event Sent - 204 Host: analytics.google.com","timestamp":"Sun Jul 27 2025 19:17:53 GMT-0700 (GMT-07:00)"}
{"level":"info","message":"GA Event Sent - 204 Host: analytics.google.com","timestamp":"Sun Jul 27 2025 19:18:13 GMT-0700 (GMT-07:00)"}
{"level":"info","message":"GA Event Sent - 204 Host: analytics.google.com","timestamp":"Sun Jul 27 2025 19:18:18 GMT-0700 (GMT-07:00)"}
{"level":"info","message":"GA Event Sent - 204 Host: analytics.google.com","timestamp":"Sun Jul 27 2025 19:18:39 GMT-0700 (GMT-07:00)"}
{"level":"info","message":"GA Event Sent - 204 Host: analytics.google.com","timestamp":"Sun Jul 27 2025 19:18:50 GMT-0700 (GMT-07:00)"}
{"level":"info","message":"GA Event Sent - 204 Host: analytics.google.com","timestamp":"Sun Jul 27 2025 19:18:55 GMT-0700 (GMT-07:00)"}
{"level":"info","message":"GA Event Sent - 204 Host: analytics.google.com","timestamp":"Sun Jul 27 2025 19:19:03 GMT-0700 (GMT-07:00)"}
{"level":"info","message":"GA Event Sent - 204 Host: analytics.google.com","timestamp":"Sun Jul 27 2025 19:19:06 GMT-0700 (GMT-07:00)"}
{"level":"info","message":"GA Event Sent - 204 Host: analytics.google.com","timestamp":"Sun Jul 27 2025 19:19:06 GMT-0700 (GMT-07:00)"}
{"level":"info","message":"GA Event Sent - 204 Host: analytics.google.com","timestamp":"Sun Jul 27 2025 19:19:08 GMT-0700 (GMT-07:00)"}
{"level":"info","message":"GA Event Sent - 204 Host: analytics.google.com","timestamp":"Sun Jul 27 2025 19:19:08 GMT-0700 (GMT-07:00)"}
{"level":"info","message":"GA Event Sent - 204 Host: analytics.google.com","timestamp":"Sun Jul 27 2025 19:19:13 GMT-0700 (GMT-07:00)"}
{"level":"info","message":"GA Event Sent - 204 Host: analytics.google.com","timestamp":"Sun Jul 27 2025 19:19:17 GMT-0700 (GMT-07:00)"}
{"level":"info","message":"GA Event Sent - 204 Host: analytics.google.com","timestamp":"Sun Jul 27 2025 19:19:22 GMT-0700 (GMT-07:00)"}
{"level":"info","message":"GA Event Sent - 204 Host: analytics.google.com","timestamp":"Sun Jul 27 2025 19:19:27 GMT-0700 (GMT-07:00)"}
{"level":"info","message":"GA Event Sent - 204 Host: analytics.google.com","timestamp":"Sun Jul 27 2025 19:19:32 GMT-0700 (GMT-07:00)"}
{"level":"info","message":"GA Event Sent - 204 Host: analytics.google.com","timestamp":"Sun Jul 27 2025 19:19:37 GMT-0700 (GMT-07:00)"}
{"level":"info","message":"GA Event Sent - 204 Host: analytics.google.com","timestamp":"Sun Jul 27 2025 19:19:39 GMT-0700 (GMT-07:00)"}
{"level":"info","message":"GA Event Sent - 204 Host: analytics.google.com","timestamp":"Sun Jul 27 2025 19:19:44 GMT-0700 (GMT-07:00)"}
{"level":"info","message":"GA Event Sent - 204 Host: analytics.google.com","timestamp":"Sun Jul 27 2025 19:19:47 GMT-0700 (GMT-07:00)"}
{"level":"info","message":"GA Event Sent - 204 Host: analytics.google.com","timestamp":"Sun Jul 27 2025 19:19:52 GMT-0700 (GMT-07:00)"}
{"level":"info","message":"GA Event Sent - 204 Host: analytics.google.com","timestamp":"Sun Jul 27 2025 19:42:40 GMT-0700 (GMT-07:00)"}
{"level":"info","message":"GA Event Sent - 204 Host: analytics.google.com","timestamp":"Sun Jul 27 2025 19:42:42 GMT-0700 (GMT-07:00)"}
{"level":"info","message":"GA Event Sent - 204 Host: analytics.google.com","timestamp":"Sun Jul 27 2025 19:42:47 GMT-0700 (GMT-07:00)"}
{"level":"info","message":"GA Event Sent - 204 Host: analytics.google.com","timestamp":"Sun Jul 27 2025 19:42:57 GMT-0700 (GMT-07:00)"}
{"level":"info","message":"GA Event Sent - 204 Host: analytics.google.com","timestamp":"Sun Jul 27 2025 19:43:02 GMT-0700 (GMT-07:00)"}
{"level":"info","message":"GA Event Sent - 204 Host: analytics.google.com","timestamp":"Sun Jul 27 2025 19:43:02 GMT-0700 (GMT-07:00)"}
{"level":"info","message":"GA Event Sent - 204 Host: analytics.google.com","timestamp":"Sun Jul 27 2025 19:43:05 GMT-0700 (GMT-07:00)"}
{"level":"info","message":"GA Event Sent - 204 Host: analytics.google.com","timestamp":"Sun Jul 27 2025 19:43:05 GMT-0700 (GMT-07:00)"}
{"level":"info","message":"GA Event Sent - 204 Host: analytics.google.com","timestamp":"Sun Jul 27 2025 19:43:10 GMT-0700 (GMT-07:00)"}
{"level":"info","message":"GA Event Sent - 204 Host: analytics.google.com","timestamp":"Sun Jul 27 2025 19:43:15 GMT-0700 (GMT-07:00)"}
{"level":"info","message":"GA Event Sent - 204 Host: analytics.google.com","timestamp":"Sun Jul 27 2025 19:43:20 GMT-0700 (GMT-07:00)"}
{"level":"error","message":"Request ERROR :https://cdn.sanity.io/images/czqk28jt/prod_bk_us/fd9cea6067d704a340de579d8fe05d61247891b8-1600x1600.png?w=200&q=80&fit=max&auto=format Error: net::ERR_CONNECTION_TIMED_OUT","timestamp":"Sun Jul 27 2025 19:43:26 GMT-0700 (GMT-07:00)"}
{"level":"error","message":"Request ERROR :https://cdn.sanity.io/images/czqk28jt/prod_bk_us/c8fcb681fcb8c696b6546fdf1617249b32be540f-1600x1600.png?w=200&q=80&fit=max&auto=format Error: net::ERR_CONNECTION_TIMED_OUT","timestamp":"Sun Jul 27 2025 19:43:27 GMT-0700 (GMT-07:00)"}
{"level":"error","message":"Request ERROR :https://cdn.sanity.io/images/czqk28jt/prod_bk_us/5783e71f4f19e1629e1267916bb77582a049a257-1600x1600.png?w=200&q=80&fit=max&auto=format Error: net::ERR_CONNECTION_TIMED_OUT","timestamp":"Sun Jul 27 2025 19:43:27 GMT-0700 (GMT-07:00)"}
{"level":"error","message":"Request ERROR :https://cdn.sanity.io/images/czqk28jt/prod_bk_us/a4147d2bcebe1eaa4a56710700a427ba6b76f1c1-1333x1333.png?w=200&q=80&fit=max&auto=format Error: net::ERR_CONNECTION_TIMED_OUT","timestamp":"Sun Jul 27 2025 19:43:27 GMT-0700 (GMT-07:00)"}
{"level":"error","message":"Request ERROR :https://cdn.sanity.io/images/czqk28jt/prod_bk_us/7e2fc1e3f01b46c9860338c4747e4f41e32ba8e0-1333x1333.png?w=200&q=80&fit=max&auto=format Error: net::ERR_CONNECTION_TIMED_OUT","timestamp":"Sun Jul 27 2025 19:43:27 GMT-0700 (GMT-07:00)"}
{"level":"error","message":"Request ERROR :https://cdn.sanity.io/images/czqk28jt/prod_bk_us/8915166ff9ac6a2cc4ee9b56010ddc09110f2aec-1333x1333.png?w=200&q=80&fit=max&auto=format Error: net::ERR_CONNECTION_TIMED_OUT","timestamp":"Sun Jul 27 2025 19:43:27 GMT-0700 (GMT-07:00)"}
{"level":"info","message":"GA Event Sent - 204 Host: analytics.google.com","timestamp":"Sun Jul 27 2025 19:43:30 GMT-0700 (GMT-07:00)"}
{"level":"info","message":"GA Event Sent - 204 Host: analytics.google.com","timestamp":"Sun Jul 27 2025 19:43:36 GMT-0700 (GMT-07:00)"}
{"level":"error","message":"Request ERROR :https://cdn.sanity.io/images/czqk28jt/prod_bk_us/ca0fa8006f3243071916edecbfdd9e5c15b03e97-1333x1333.png?w=200&q=80&fit=max&auto=format Error: net::ERR_CONNECTION_TIMED_OUT","timestamp":"Sun Jul 27 2025 19:43:47 GMT-0700 (GMT-07:00)"}
{"level":"error","message":"Request ERROR :https://cdn.sanity.io/images/czqk28jt/prod_bk_us/838acc5bc2c78ea3a896c99a133bc7090c42040c-1500x1500.png?w=200&q=80&fit=max&auto=format Error: net::ERR_CONNECTION_TIMED_OUT","timestamp":"Sun Jul 27 2025 19:43:48 GMT-0700 (GMT-07:00)"}
{"level":"info","message":"GA Event Sent - 204 Host: analytics.google.com","timestamp":"Sun Jul 27 2025 19:43:48 GMT-0700 (GMT-07:00)"}
{"level":"info","message":"GA Event Sent - 204 Host: analytics.google.com","timestamp":"Sun Jul 27 2025 19:43:54 GMT-0700 (GMT-07:00)"}
{"level":"info","message":"GA Event Sent - 204 Host: analytics.google.com","timestamp":"Sun Jul 27 2025 19:44:14 GMT-0700 (GMT-07:00)"}
{"level":"info","message":"GA Event Sent - 204 Host: analytics.google.com","timestamp":"Sun Jul 27 2025 19:44:19 GMT-0700 (GMT-07:00)"}
{"level":"info","message":"GA Event Sent - 204 Host: analytics.google.com","timestamp":"Sun Jul 27 2025 19:44:35 GMT-0700 (GMT-07:00)"}
{"level":"info","message":"GA Event Sent - 204 Host: analytics.google.com","timestamp":"Sun Jul 27 2025 19:44:41 GMT-0700 (GMT-07:00)"}
{"level":"info","message":"GA Event Sent - 204 Host: analytics.google.com","timestamp":"Sun Jul 27 2025 19:44:49 GMT-0700 (GMT-07:00)"}
{"level":"info","message":"GA Event Sent - 204 Host: analytics.google.com","timestamp":"Sun Jul 27 2025 19:44:57 GMT-0700 (GMT-07:00)"}
{"level":"info","message":"GA Event Sent - 204 Host: analytics.google.com","timestamp":"Sun Jul 27 2025 19:45:12 GMT-0700 (GMT-07:00)"}
{"level":"info","message":"GA Event Sent - 204 Host: analytics.google.com","timestamp":"Sun Jul 27 2025 19:45:27 GMT-0700 (GMT-07:00)"}
{"level":"info","message":"GA Event Sent - 204 Host: analytics.google.com","timestamp":"Sun Jul 27 2025 19:45:32 GMT-0700 (GMT-07:00)"}
{"level":"error","message":"Request ERROR :https://appserver.emn8.com/mobilem8-web-service/rest/mobilem8/userinterfaceconfig?time=00:23:07&dayoftheWeek=Monday&kioskName=K1&kioskRole=server&locale=en-us&appVersion=1.262.0-3&disposition=TO_GO Error: net::ERR_ABORTED","timestamp":"Mon Jul 28 2025 00:23:07 GMT-0700 (GMT-07:00)"}
{"level":"error","message":"Request ERROR :https://appserver.emn8.com/kiosk/layouts/bk.na.v1.json Error: net::ERR_ABORTED","timestamp":"Mon Jul 28 2025 00:23:07 GMT-0700 (GMT-07:00)"}
{"level":"info","message":"Current Zoom Factor is 1","timestamp":"Mon Jul 28 2025 00:23:07 GMT-0700 (GMT-07:00)"}
{"level":"info","message":"GA Event Sent - 204 Host: analytics.google.com","timestamp":"Mon Jul 28 2025 00:23:07 GMT-0700 (GMT-07:00)"}
{"level":"info","message":"GA Event Sent - 204 Host: analytics.google.com","timestamp":"Mon Jul 28 2025 00:23:07 GMT-0700 (GMT-07:00)"}
{"level":"info","message":"GA Event Sent - 204 Host: analytics.google.com","timestamp":"Mon Jul 28 2025 00:23:07 GMT-0700 (GMT-07:00)"}
{"level":"info","message":"GA Event Sent - 204 Host: analytics.google.com","timestamp":"Mon Jul 28 2025 00:23:12 GMT-0700 (GMT-07:00)"}
{"level":"error","message":"Request ERROR :https://appserver.emn8.com/kiosk/layouts/bk.na.v1.json Error: net::ERR_ABORTED","timestamp":"Mon Jul 28 2025 00:23:27 GMT-0700 (GMT-07:00)"}
{"level":"info","message":"GA Event Sent - 204 Host: analytics.google.com","timestamp":"Mon Jul 28 2025 00:23:27 GMT-0700 (GMT-07:00)"}
{"level":"info","message":"Current Zoom Factor is 1","timestamp":"Mon Jul 28 2025 00:23:27 GMT-0700 (GMT-07:00)"}
{"level":"info","message":"GA Event Sent - 204 Host: analytics.google.com","timestamp":"Mon Jul 28 2025 00:23:28 GMT-0700 (GMT-07:00)"}
{"level":"info","message":"GA Event Sent - 204 Host: analytics.google.com","timestamp":"Mon Jul 28 2025 00:23:28 GMT-0700 (GMT-07:00)"}
{"level":"info","message":"GA Event Sent - 204 Host: analytics.google.com","timestamp":"Mon Jul 28 2025 00:23:33 GMT-0700 (GMT-07:00)"}
{"level":"error","message":"Request ERROR :https://stats.g.doubleclick.net/g/collect?v=2&tid=G-VPQD57JD1Q&cid=1215561835.1716455055&gtm=45je57n0v9169462155za200zb77299240zd77299240&aip=1&dma=0&gcd=13l3l3l3l1l1&npa=0&frm=0&tag_exp=101509157~103116026~103200004~103233427~104684208~104684211~104948813 Error: net::ERR_ABORTED","timestamp":"Mon Jul 28 2025 00:23:37 GMT-0700 (GMT-07:00)"}
